2025-05-05 07:25:29,356 - auto_fix - INFO - 开始自动修复IVAS-IFM系统...
2025-05-05 07:25:29,356 - auto_fix - INFO - 检查并创建必要的目录...
2025-05-05 07:25:29,357 - auto_fix - INFO - 目录已存在: logs
2025-05-05 07:25:29,357 - auto_fix - INFO - 目录已存在: downloads
2025-05-05 07:25:29,357 - auto_fix - INFO - 目录已存在: cache
2025-05-05 07:25:29,358 - auto_fix - INFO - 目录已存在: data
2025-05-05 07:25:29,358 - auto_fix - INFO - 创建目录: cookies
2025-05-05 07:25:29,359 - auto_fix - INFO - 创建目录: src/config
2025-05-05 07:25:29,360 - auto_fix - INFO - 创建目录: src/modules/vca/platform_adapters
2025-05-05 07:25:29,361 - auto_fix - INFO - 已创建新的配置文件: C:\unbeknown\src\config\settings.py
2025-05-05 07:25:29,362 - auto_fix - INFO - 已创建空的Cookie文件: bilibili.json
2025-05-05 07:25:29,362 - auto_fix - INFO - 已创建空的Cookie文件: weibo.json
2025-05-05 07:25:29,363 - auto_fix - ERROR - 找不到爬虫管理器文件: C:\unbeknown\src\modules\vca\crawler_manager.py
2025-05-05 07:25:29,363 - auto_fix - WARNING - 修补爬虫管理器失败，但不影响基本功能
2025-05-05 07:25:29,364 - auto_fix - INFO - 修复完成！现在您可以运行fixed_main.py或run.py启动系统。
2025-05-05 07:25:29,364 - auto_fix - INFO - 系统将使用模拟数据展示搜索结果。
2025-05-05 07:27:13,602 - auto_fix - INFO - 开始自动修复IVAS-IFM系统...
2025-05-05 07:27:13,602 - auto_fix - INFO - 检查并创建必要的目录...
2025-05-05 07:27:13,603 - auto_fix - INFO - 目录已存在: logs
2025-05-05 07:27:13,603 - auto_fix - INFO - 目录已存在: downloads
2025-05-05 07:27:13,604 - auto_fix - INFO - 目录已存在: cache
2025-05-05 07:27:13,604 - auto_fix - INFO - 目录已存在: data
2025-05-05 07:27:13,604 - auto_fix - INFO - 目录已存在: cookies
2025-05-05 07:27:13,605 - auto_fix - INFO - 目录已存在: src/config
2025-05-05 07:27:13,605 - auto_fix - INFO - 目录已存在: src/modules/vca/platform_adapters
2025-05-05 07:27:13,607 - auto_fix - INFO - 已备份原配置文件到: C:\unbeknown\src\config\settings.py.bak
2025-05-05 07:27:13,608 - auto_fix - INFO - 已创建新的配置文件: C:\unbeknown\src\config\settings.py
2025-05-05 07:27:13,608 - auto_fix - INFO - 已创建空的Cookie文件: bilibili.json
2025-05-05 07:27:13,609 - auto_fix - INFO - 已创建空的Cookie文件: weibo.json
2025-05-05 07:27:13,610 - auto_fix - INFO - 已修补爬虫管理器支持模拟数据: C:\unbeknown\src\modules\vca\crawler_manager.py
2025-05-05 07:27:13,610 - auto_fix - INFO - 修复完成！现在您可以运行fixed_main.py或run.py启动系统。
2025-05-05 07:27:13,610 - auto_fix - INFO - 系统将使用模拟数据展示搜索结果。
2025-05-05 07:28:01,841 - auto_fix - INFO - 开始自动修复IVAS-IFM系统...
2025-05-05 07:28:01,842 - auto_fix - INFO - 检查并创建必要的目录...
2025-05-05 07:28:01,843 - auto_fix - INFO - 目录已存在: logs
2025-05-05 07:28:01,844 - auto_fix - INFO - 目录已存在: downloads
2025-05-05 07:28:01,844 - auto_fix - INFO - 目录已存在: cache
2025-05-05 07:28:01,846 - auto_fix - INFO - 目录已存在: data
2025-05-05 07:28:01,846 - auto_fix - INFO - 目录已存在: cookies
2025-05-05 07:28:01,846 - auto_fix - INFO - 目录已存在: src/config
2025-05-05 07:28:01,847 - auto_fix - INFO - 目录已存在: src/modules/vca/platform_adapters
2025-05-05 07:28:01,851 - auto_fix - INFO - 已备份原配置文件到: C:\unbeknown\src\config\settings.py.bak
2025-05-05 07:28:01,852 - auto_fix - INFO - 已创建新的配置文件: C:\unbeknown\src\config\settings.py
2025-05-05 07:28:01,853 - auto_fix - INFO - 已创建空的Cookie文件: bilibili.json
2025-05-05 07:28:01,855 - auto_fix - INFO - 已创建空的Cookie文件: weibo.json
2025-05-05 07:28:01,856 - auto_fix - INFO - 已修补爬虫管理器支持模拟数据: C:\unbeknown\src\modules\vca\crawler_manager.py
2025-05-05 07:28:01,856 - auto_fix - INFO - 修复完成！现在您可以运行fixed_main.py或run.py启动系统。
2025-05-05 07:28:01,857 - auto_fix - INFO - 系统将使用模拟数据展示搜索结果。
