2025-05-05 07:14:22,148 - fixed_main - INFO - 正在启动 IVAS-IFM 应用程序...
2025-05-05 07:14:22,682 - src.modules.vca.platform_adapters.youtube - INFO - YouTube适配器已初始化
2025-05-05 07:14:22,682 - src.modules.vca.crawler_manager - INFO - Loaded youtube adapter
2025-05-05 07:14:23,046 - WDM - INFO - ====== WebDriver manager ======
2025-05-05 07:14:25,510 - WDM - INFO - Get LATEST chromedriver version for google-chrome
2025-05-05 07:14:25,684 - WDM - INFO - Get LATEST chromedriver version for google-chrome
2025-05-05 07:14:25,849 - WDM - INFO - Driver [C:\Users\Admin\.wdm\drivers\chromedriver\win64\136.0.7103.49\chromedriver-win32/chromedriver.exe] found in cache
2025-05-05 07:14:27,037 - src.modules.vca.platform_adapters.tiktok - INFO - Selenium WebDriver初始化成功
2025-05-05 07:14:27,038 - src.modules.vca.platform_adapters.tiktok - INFO - TikTok适配器已初始化
2025-05-05 07:14:27,038 - src.modules.vca.crawler_manager - INFO - Loaded tiktok adapter
2025-05-05 07:14:27,157 - src.modules.vca.platform_adapters.bilibili - INFO - Bilibili适配器已初始化
2025-05-05 07:14:27,157 - src.modules.vca.crawler_manager - INFO - Loaded bilibili adapter
2025-05-05 07:14:27,161 - src.modules.vca.platform_adapters.weibo - INFO - 微博适配器已初始化
2025-05-05 07:14:27,161 - src.modules.vca.crawler_manager - INFO - Loaded weibo adapter
2025-05-05 07:14:27,167 - root - WARNING - 未安装facebook-downloader库，将使用内置方法下载视频
2025-05-05 07:14:27,168 - WDM - INFO - ====== WebDriver manager ======
2025-05-05 07:14:29,517 - WDM - INFO - Get LATEST chromedriver version for google-chrome
2025-05-05 07:14:29,682 - WDM - INFO - Get LATEST chromedriver version for google-chrome
2025-05-05 07:14:29,861 - WDM - INFO - Driver [C:\Users\Admin\.wdm\drivers\chromedriver\win64\136.0.7103.49\chromedriver-win32/chromedriver.exe] found in cache
2025-05-05 07:14:30,797 - src.modules.vca.platform_adapters.facebook - INFO - Selenium WebDriver初始化成功
2025-05-05 07:14:30,797 - src.modules.vca.platform_adapters.facebook - INFO - Facebook适配器已初始化
2025-05-05 07:14:30,798 - src.modules.vca.crawler_manager - INFO - Loaded facebook adapter
2025-05-05 07:14:30,798 - src.modules.vca.crawler_manager - INFO - Loaded 5 platform adapters
2025-05-05 07:14:30,798 - src.modules.vca.download_manager - INFO - DownloadManager initialized
2025-05-05 07:14:30,799 - src.modules.vca.crawler_manager - INFO - DownloadManager initialized
2025-05-05 07:14:30,799 - src.modules.vca.crawler_manager - INFO - CrawlerManager initialized
2025-05-05 07:14:30,799 - src.gui_app - INFO - 爬虫管理器已初始化
2025-05-05 07:14:30,799 - src.gui_app - INFO - 应用程序已初始化
2025-05-05 07:14:54,010 - src.modules.vca.crawler_manager - INFO - Searching for 'man' on platforms: ['youtube', 'tiktok', 'bilibili', 'weibo', 'facebook']
2025-05-05 07:14:54,011 - src.modules.vca.platform_adapters.youtube - INFO - 搜索YouTube视频: man, 限制: 10
2025-05-05 07:14:54,011 - src.modules.vca.platform_adapters.tiktok - INFO - 搜索TikTok视频: man, 限制: 10
2025-05-05 07:14:54,012 - src.modules.vca.platform_adapters.bilibili - INFO - 搜索Bilibili视频: man, 限制: 10
2025-05-05 07:14:54,028 - src.modules.vca.platform_adapters.weibo - INFO - 搜索微博视频: man, 限制: 10
2025-05-05 07:14:54,029 - src.modules.vca.platform_adapters.weibo - ERROR - 微博搜索需要设置Cookie
2025-05-05 07:14:54,029 - src.modules.vca.platform_adapters.facebook - INFO - 搜索Facebook视频: man, 限制: 10
2025-05-05 07:14:54,030 - src.modules.vca.crawler_manager - INFO - Found 0 results on weibo
2025-05-05 07:14:54,246 - src.modules.vca.platform_adapters.bilibili - ERROR - 搜索页面失败: Expecting value: line 1 column 1 (char 0)
2025-05-05 07:14:54,246 - src.modules.vca.platform_adapters.bilibili - INFO - 搜索完成，找到 0 个结果
2025-05-05 07:14:54,246 - src.modules.vca.crawler_manager - INFO - Found 0 results on bilibili
2025-05-05 07:14:55,007 - pytube.contrib.search - WARNING - Unexpected renderer encountered.
2025-05-05 07:14:55,008 - pytube.contrib.search - WARNING - Renderer name: dict_keys(['reelShelfRenderer'])
2025-05-05 07:14:55,008 - pytube.contrib.search - WARNING - Search term: man
2025-05-05 07:14:55,009 - pytube.contrib.search - WARNING - Please open an issue at https://github.com/pytube/pytube/issues and provide this log output.
2025-05-05 07:14:55,009 - pytube.contrib.search - WARNING - Unexpected renderer encountered.
2025-05-05 07:14:55,009 - pytube.contrib.search - WARNING - Renderer name: dict_keys(['reelShelfRenderer'])
2025-05-05 07:14:55,009 - pytube.contrib.search - WARNING - Search term: man
2025-05-05 07:14:55,009 - pytube.contrib.search - WARNING - Please open an issue at https://github.com/pytube/pytube/issues and provide this log output.
2025-05-05 07:14:55,241 - src.modules.vca.platform_adapters.youtube - ERROR - 提取视频信息失败: HTTP Error 400: Bad Request
2025-05-05 07:14:55,443 - src.modules.vca.platform_adapters.youtube - ERROR - 提取视频信息失败: HTTP Error 400: Bad Request
2025-05-05 07:14:55,653 - src.modules.vca.platform_adapters.youtube - ERROR - 提取视频信息失败: HTTP Error 400: Bad Request
2025-05-05 07:14:55,856 - src.modules.vca.platform_adapters.youtube - ERROR - 提取视频信息失败: HTTP Error 400: Bad Request
2025-05-05 07:14:56,072 - src.modules.vca.platform_adapters.youtube - ERROR - 提取视频信息失败: HTTP Error 400: Bad Request
2025-05-05 07:14:56,314 - src.modules.vca.platform_adapters.youtube - ERROR - 提取视频信息失败: HTTP Error 400: Bad Request
2025-05-05 07:14:56,525 - src.modules.vca.platform_adapters.youtube - ERROR - 提取视频信息失败: HTTP Error 400: Bad Request
2025-05-05 07:14:56,747 - src.modules.vca.platform_adapters.youtube - ERROR - 提取视频信息失败: HTTP Error 400: Bad Request
2025-05-05 07:14:56,946 - src.modules.vca.platform_adapters.youtube - ERROR - 提取视频信息失败: HTTP Error 400: Bad Request
2025-05-05 07:14:57,172 - src.modules.vca.platform_adapters.youtube - ERROR - 提取视频信息失败: HTTP Error 400: Bad Request
2025-05-05 07:14:57,174 - src.modules.vca.platform_adapters.youtube - INFO - 搜索完成，找到 0 个结果
2025-05-05 07:14:57,175 - src.modules.vca.crawler_manager - INFO - Found 0 results on youtube
2025-05-05 07:15:09,832 - src.modules.vca.crawler_manager - INFO - Searching for 'man' on platforms: ['youtube', 'tiktok', 'bilibili', 'facebook']
2025-05-05 07:15:09,833 - src.modules.vca.platform_adapters.youtube - INFO - 搜索YouTube视频: man, 限制: 10
2025-05-05 07:15:09,834 - src.modules.vca.platform_adapters.tiktok - INFO - 搜索TikTok视频: man, 限制: 10
2025-05-05 07:15:09,848 - src.modules.vca.platform_adapters.bilibili - INFO - 搜索Bilibili视频: man, 限制: 10
2025-05-05 07:15:09,849 - src.modules.vca.platform_adapters.facebook - INFO - 搜索Facebook视频: man, 限制: 10
2025-05-05 07:15:10,058 - src.modules.vca.platform_adapters.bilibili - ERROR - 搜索页面失败: Expecting value: line 1 column 1 (char 0)
2025-05-05 07:15:10,059 - src.modules.vca.platform_adapters.bilibili - INFO - 搜索完成，找到 0 个结果
2025-05-05 07:15:10,059 - src.modules.vca.crawler_manager - INFO - Found 0 results on bilibili
2025-05-05 07:15:10,760 - pytube.contrib.search - WARNING - Unexpected renderer encountered.
2025-05-05 07:15:10,761 - pytube.contrib.search - WARNING - Renderer name: dict_keys(['lockupViewModel'])
2025-05-05 07:15:10,761 - pytube.contrib.search - WARNING - Search term: man
2025-05-05 07:15:10,761 - pytube.contrib.search - WARNING - Please open an issue at https://github.com/pytube/pytube/issues and provide this log output.
2025-05-05 07:15:10,969 - src.modules.vca.platform_adapters.youtube - ERROR - 提取视频信息失败: HTTP Error 400: Bad Request
2025-05-05 07:15:11,123 - urllib3.connectionpool - WARNING - Connection pool is full, discarding connection: localhost. Connection pool size: 1
2025-05-05 07:15:11,173 - src.modules.vca.platform_adapters.youtube - ERROR - 提取视频信息失败: HTTP Error 400: Bad Request
2025-05-05 07:15:11,382 - src.modules.vca.platform_adapters.youtube - ERROR - 提取视频信息失败: HTTP Error 400: Bad Request
2025-05-05 07:15:11,586 - src.modules.vca.platform_adapters.youtube - ERROR - 提取视频信息失败: HTTP Error 400: Bad Request
2025-05-05 07:15:11,646 - urllib3.connectionpool - WARNING - Connection pool is full, discarding connection: localhost. Connection pool size: 1
2025-05-05 07:15:11,776 - src.modules.vca.platform_adapters.youtube - ERROR - 提取视频信息失败: HTTP Error 400: Bad Request
2025-05-05 07:15:11,994 - src.modules.vca.platform_adapters.youtube - ERROR - 提取视频信息失败: HTTP Error 400: Bad Request
2025-05-05 07:15:12,189 - src.modules.vca.platform_adapters.youtube - ERROR - 提取视频信息失败: HTTP Error 400: Bad Request
2025-05-05 07:15:12,393 - src.modules.vca.platform_adapters.youtube - ERROR - 提取视频信息失败: HTTP Error 400: Bad Request
2025-05-05 07:15:12,610 - src.modules.vca.platform_adapters.youtube - ERROR - 提取视频信息失败: HTTP Error 400: Bad Request
2025-05-05 07:15:12,845 - src.modules.vca.platform_adapters.youtube - ERROR - 提取视频信息失败: HTTP Error 400: Bad Request
2025-05-05 07:15:12,845 - src.modules.vca.platform_adapters.youtube - INFO - 搜索完成，找到 0 个结果
2025-05-05 07:15:12,846 - src.modules.vca.crawler_manager - INFO - Found 0 results on youtube
2025-05-05 07:15:15,454 - src.modules.vca.platform_adapters.tiktok - ERROR - Selenium搜索失败: Message: 
Stacktrace:
	GetHandleVerifier [0x0084FBD3+61635]
	GetHandleVerifier [0x0084FC14+61700]
	(No symbol) [0x006705D3]
	(No symbol) [0x006B899E]
	(No symbol) [0x006B8D3B]
	(No symbol) [0x00700E12]
	(No symbol) [0x006DD2E4]
	(No symbol) [0x006FE61B]
	(No symbol) [0x006DD096]
	(No symbol) [0x006AC840]
	(No symbol) [0x006AD6A4]
	GetHandleVerifier [0x00A97043+2450739]
	GetHandleVerifier [0x00A927C6+2432182]
	GetHandleVerifier [0x00AAD50E+2542078]
	GetHandleVerifier [0x00866895+155013]
	GetHandleVerifier [0x0086CF7D+181357]
	GetHandleVerifier [0x00857428+92440]
	GetHandleVerifier [0x008575D0+92864]
	GetHandleVerifier [0x00841FC0+5296]
	BaseThreadInitThunk [0x7782FCC9+25]
	RtlGetAppContainerNamedObjectPath [0x77A780CE+286]
	RtlGetAppContainerNamedObjectPath [0x77A7809E+238]

2025-05-05 07:15:15,455 - src.modules.vca.platform_adapters.tiktok - INFO - 搜索完成，找到 0 个结果
2025-05-05 07:15:15,455 - src.modules.vca.crawler_manager - INFO - Found 0 results on tiktok
2025-05-05 07:15:16,226 - src.modules.vca.platform_adapters.facebook - ERROR - Selenium搜索失败: Message: 
Stacktrace:
	GetHandleVerifier [0x0084FBD3+61635]
	GetHandleVerifier [0x0084FC14+61700]
	(No symbol) [0x006705D3]
	(No symbol) [0x006B899E]
	(No symbol) [0x006B8D3B]
	(No symbol) [0x00700E12]
	(No symbol) [0x006DD2E4]
	(No symbol) [0x006FE61B]
	(No symbol) [0x006DD096]
	(No symbol) [0x006AC840]
	(No symbol) [0x006AD6A4]
	GetHandleVerifier [0x00A97043+2450739]
	GetHandleVerifier [0x00A927C6+2432182]
	GetHandleVerifier [0x00AAD50E+2542078]
	GetHandleVerifier [0x00866895+155013]
	GetHandleVerifier [0x0086CF7D+181357]
	GetHandleVerifier [0x00857428+92440]
	GetHandleVerifier [0x008575D0+92864]
	GetHandleVerifier [0x00841FC0+5296]
	BaseThreadInitThunk [0x7782FCC9+25]
	RtlGetAppContainerNamedObjectPath [0x77A780CE+286]
	RtlGetAppContainerNamedObjectPath [0x77A7809E+238]

2025-05-05 07:15:16,228 - src.modules.vca.platform_adapters.facebook - INFO - 搜索完成，找到 0 个结果
2025-05-05 07:15:16,228 - src.modules.vca.crawler_manager - INFO - Found 0 results on facebook
2025-05-05 07:15:19,117 - src.modules.vca.crawler_manager - INFO - Searching for 'man' on platforms: ['youtube', 'tiktok', 'bilibili', 'weibo', 'facebook']
2025-05-05 07:15:19,118 - src.modules.vca.platform_adapters.youtube - INFO - 搜索YouTube视频: man, 限制: 10
2025-05-05 07:15:19,119 - src.modules.vca.platform_adapters.tiktok - INFO - 搜索TikTok视频: man, 限制: 10
2025-05-05 07:15:19,119 - src.modules.vca.platform_adapters.bilibili - INFO - 搜索Bilibili视频: man, 限制: 10
2025-05-05 07:15:19,133 - src.modules.vca.platform_adapters.weibo - INFO - 搜索微博视频: man, 限制: 10
2025-05-05 07:15:19,136 - src.modules.vca.platform_adapters.facebook - INFO - 搜索Facebook视频: man, 限制: 10
2025-05-05 07:15:19,136 - src.modules.vca.platform_adapters.weibo - ERROR - 微博搜索需要设置Cookie
2025-05-05 07:15:19,138 - src.modules.vca.crawler_manager - INFO - Found 0 results on weibo
2025-05-05 07:15:19,346 - src.modules.vca.platform_adapters.bilibili - ERROR - 搜索页面失败: Expecting value: line 1 column 1 (char 0)
2025-05-05 07:15:19,346 - src.modules.vca.platform_adapters.bilibili - INFO - 搜索完成，找到 0 个结果
2025-05-05 07:15:19,346 - src.modules.vca.crawler_manager - INFO - Found 0 results on bilibili
2025-05-05 07:15:19,549 - urllib3.connectionpool - WARNING - Connection pool is full, discarding connection: localhost. Connection pool size: 1
2025-05-05 07:15:20,080 - urllib3.connectionpool - WARNING - Connection pool is full, discarding connection: localhost. Connection pool size: 1
2025-05-05 07:15:20,170 - pytube.contrib.search - WARNING - Unexpected renderer encountered.
2025-05-05 07:15:20,170 - pytube.contrib.search - WARNING - Renderer name: dict_keys(['reelShelfRenderer'])
2025-05-05 07:15:20,170 - urllib3.connectionpool - WARNING - Connection pool is full, discarding connection: localhost. Connection pool size: 1
2025-05-05 07:15:20,170 - pytube.contrib.search - WARNING - Search term: man
2025-05-05 07:15:20,171 - pytube.contrib.search - WARNING - Please open an issue at https://github.com/pytube/pytube/issues and provide this log output.
2025-05-05 07:15:20,171 - pytube.contrib.search - WARNING - Unexpected renderer encountered.
2025-05-05 07:15:20,171 - pytube.contrib.search - WARNING - Renderer name: dict_keys(['reelShelfRenderer'])
2025-05-05 07:15:20,171 - pytube.contrib.search - WARNING - Search term: man
2025-05-05 07:15:20,172 - pytube.contrib.search - WARNING - Please open an issue at https://github.com/pytube/pytube/issues and provide this log output.
2025-05-05 07:15:20,172 - pytube.contrib.search - WARNING - Unexpected renderer encountered.
2025-05-05 07:15:20,172 - pytube.contrib.search - WARNING - Renderer name: dict_keys(['lockupViewModel'])
2025-05-05 07:15:20,172 - pytube.contrib.search - WARNING - Search term: man
2025-05-05 07:15:20,172 - pytube.contrib.search - WARNING - Please open an issue at https://github.com/pytube/pytube/issues and provide this log output.
2025-05-05 07:15:20,372 - src.modules.vca.platform_adapters.youtube - ERROR - 提取视频信息失败: HTTP Error 400: Bad Request
2025-05-05 07:15:20,591 - urllib3.connectionpool - WARNING - Connection pool is full, discarding connection: localhost. Connection pool size: 1
2025-05-05 07:15:20,598 - src.modules.vca.platform_adapters.youtube - ERROR - 提取视频信息失败: HTTP Error 400: Bad Request
2025-05-05 07:15:20,809 - src.modules.vca.platform_adapters.youtube - ERROR - 提取视频信息失败: HTTP Error 400: Bad Request
2025-05-05 07:15:21,017 - src.modules.vca.platform_adapters.youtube - ERROR - 提取视频信息失败: HTTP Error 400: Bad Request
2025-05-05 07:15:21,112 - urllib3.connectionpool - WARNING - Connection pool is full, discarding connection: localhost. Connection pool size: 1
2025-05-05 07:15:21,226 - src.modules.vca.platform_adapters.youtube - ERROR - 提取视频信息失败: HTTP Error 400: Bad Request
2025-05-05 07:15:21,466 - src.modules.vca.platform_adapters.youtube - ERROR - 提取视频信息失败: HTTP Error 400: Bad Request
2025-05-05 07:15:21,666 - src.modules.vca.platform_adapters.youtube - ERROR - 提取视频信息失败: HTTP Error 400: Bad Request
2025-05-05 07:15:21,873 - src.modules.vca.platform_adapters.youtube - ERROR - 提取视频信息失败: HTTP Error 400: Bad Request
2025-05-05 07:15:22,080 - src.modules.vca.platform_adapters.youtube - ERROR - 提取视频信息失败: HTTP Error 400: Bad Request
2025-05-05 07:15:22,278 - src.modules.vca.platform_adapters.youtube - ERROR - 提取视频信息失败: HTTP Error 400: Bad Request
2025-05-05 07:15:22,278 - src.modules.vca.platform_adapters.youtube - INFO - 搜索完成，找到 0 个结果
2025-05-05 07:15:22,279 - src.modules.vca.crawler_manager - INFO - Found 0 results on youtube
2025-05-05 07:15:30,274 - src.modules.vca.platform_adapters.tiktok - ERROR - Selenium搜索失败: Message: 
Stacktrace:
	GetHandleVerifier [0x0084FBD3+61635]
	GetHandleVerifier [0x0084FC14+61700]
	(No symbol) [0x006705D3]
	(No symbol) [0x006B899E]
	(No symbol) [0x006B8D3B]
	(No symbol) [0x00700E12]
	(No symbol) [0x006DD2E4]
	(No symbol) [0x006FE61B]
	(No symbol) [0x006DD096]
	(No symbol) [0x006AC840]
	(No symbol) [0x006AD6A4]
	GetHandleVerifier [0x00A97043+2450739]
	GetHandleVerifier [0x00A927C6+2432182]
	GetHandleVerifier [0x00AAD50E+2542078]
	GetHandleVerifier [0x00866895+155013]
	GetHandleVerifier [0x0086CF7D+181357]
	GetHandleVerifier [0x00857428+92440]
	GetHandleVerifier [0x008575D0+92864]
	GetHandleVerifier [0x00841FC0+5296]
	BaseThreadInitThunk [0x7782FCC9+25]
	RtlGetAppContainerNamedObjectPath [0x77A780CE+286]
	RtlGetAppContainerNamedObjectPath [0x77A7809E+238]

2025-05-05 07:15:30,275 - src.modules.vca.platform_adapters.tiktok - INFO - 搜索完成，找到 0 个结果
2025-05-05 07:15:30,275 - src.modules.vca.crawler_manager - INFO - Found 0 results on tiktok
2025-05-05 07:15:31,397 - src.modules.vca.platform_adapters.facebook - ERROR - Selenium搜索失败: Message: 
Stacktrace:
	GetHandleVerifier [0x0084FBD3+61635]
	GetHandleVerifier [0x0084FC14+61700]
	(No symbol) [0x006705D3]
	(No symbol) [0x006B899E]
	(No symbol) [0x006B8D3B]
	(No symbol) [0x00700E12]
	(No symbol) [0x006DD2E4]
	(No symbol) [0x006FE61B]
	(No symbol) [0x006DD096]
	(No symbol) [0x006AC840]
	(No symbol) [0x006AD6A4]
	GetHandleVerifier [0x00A97043+2450739]
	GetHandleVerifier [0x00A927C6+2432182]
	GetHandleVerifier [0x00AAD50E+2542078]
	GetHandleVerifier [0x00866895+155013]
	GetHandleVerifier [0x0086CF7D+181357]
	GetHandleVerifier [0x00857428+92440]
	GetHandleVerifier [0x008575D0+92864]
	GetHandleVerifier [0x00841FC0+5296]
	BaseThreadInitThunk [0x7782FCC9+25]
	RtlGetAppContainerNamedObjectPath [0x77A780CE+286]
	RtlGetAppContainerNamedObjectPath [0x77A7809E+238]

2025-05-05 07:15:31,398 - src.modules.vca.platform_adapters.facebook - INFO - 搜索完成，找到 0 个结果
2025-05-05 07:15:31,399 - src.modules.vca.crawler_manager - INFO - Found 0 results on facebook
2025-05-05 07:15:34,144 - fixed_main - INFO - 应用程序已正常关闭
2025-05-05 07:15:39,971 - src.modules.vca.platform_adapters.tiktok - ERROR - Selenium搜索失败: Message: 
Stacktrace:
	GetHandleVerifier [0x0084FBD3+61635]
	GetHandleVerifier [0x0084FC14+61700]
	(No symbol) [0x006705D3]
	(No symbol) [0x006B899E]
	(No symbol) [0x006B8D3B]
	(No symbol) [0x00700E12]
	(No symbol) [0x006DD2E4]
	(No symbol) [0x006FE61B]
	(No symbol) [0x006DD096]
	(No symbol) [0x006AC840]
	(No symbol) [0x006AD6A4]
	GetHandleVerifier [0x00A97043+2450739]
	GetHandleVerifier [0x00A927C6+2432182]
	GetHandleVerifier [0x00AAD50E+2542078]
	GetHandleVerifier [0x00866895+155013]
	GetHandleVerifier [0x0086CF7D+181357]
	GetHandleVerifier [0x00857428+92440]
	GetHandleVerifier [0x008575D0+92864]
	GetHandleVerifier [0x00841FC0+5296]
	BaseThreadInitThunk [0x7782FCC9+25]
	RtlGetAppContainerNamedObjectPath [0x77A780CE+286]
	RtlGetAppContainerNamedObjectPath [0x77A7809E+238]

2025-05-05 07:15:39,972 - src.modules.vca.platform_adapters.tiktok - INFO - 搜索完成，找到 0 个结果
2025-05-05 07:15:39,973 - src.modules.vca.crawler_manager - INFO - Found 0 results on tiktok
2025-05-05 07:15:40,601 - src.modules.vca.platform_adapters.facebook - ERROR - Selenium搜索失败: Message: 
Stacktrace:
	GetHandleVerifier [0x0084FBD3+61635]
	GetHandleVerifier [0x0084FC14+61700]
	(No symbol) [0x006705D3]
	(No symbol) [0x006B899E]
	(No symbol) [0x006B8D3B]
	(No symbol) [0x00700E12]
	(No symbol) [0x006DD2E4]
	(No symbol) [0x006FE61B]
	(No symbol) [0x006DD096]
	(No symbol) [0x006AC840]
	(No symbol) [0x006AD6A4]
	GetHandleVerifier [0x00A97043+2450739]
	GetHandleVerifier [0x00A927C6+2432182]
	GetHandleVerifier [0x00AAD50E+2542078]
	GetHandleVerifier [0x00866895+155013]
	GetHandleVerifier [0x0086CF7D+181357]
	GetHandleVerifier [0x00857428+92440]
	GetHandleVerifier [0x008575D0+92864]
	GetHandleVerifier [0x00841FC0+5296]
	BaseThreadInitThunk [0x7782FCC9+25]
	RtlGetAppContainerNamedObjectPath [0x77A780CE+286]
	RtlGetAppContainerNamedObjectPath [0x77A7809E+238]

2025-05-05 07:15:40,603 - src.modules.vca.platform_adapters.facebook - INFO - 搜索完成，找到 0 个结果
2025-05-05 07:15:40,603 - src.modules.vca.crawler_manager - INFO - Found 0 results on facebook
2025-05-05 07:28:05,866 - __main__ - INFO - 正在启动 IVAS-IFM 应用程序...
2025-05-05 07:28:05,874 - __main__ - ERROR - 应用程序执行过程中发生错误: 找不到应用程序类
Traceback (most recent call last):
  File "C:\unbeknown\exe_project\fixed_main.py", line 177, in main
    App = import_app()
  File "C:\unbeknown\exe_project\fixed_main.py", line 162, in import_app
    raise ImportError("找不到应用程序类")
ImportError: 找不到应用程序类
2025-05-05 07:29:23,397 - __main__ - INFO - 正在启动 IVAS-IFM 应用程序...
2025-05-05 07:29:23,445 - __main__ - ERROR - 应用程序执行过程中发生错误: unindent does not match any outer indentation level (crawler_manager.py, line 251)
Traceback (most recent call last):
  File "C:\unbeknown\exe_project\fixed_main.py", line 177, in main
    App = import_app()
  File "C:\unbeknown\exe_project\fixed_main.py", line 129, in import_app
    from src.gui_app import App
  File "C:\unbeknown\src\gui_app.py", line 72, in <module>
    from src.modules.vca.crawler_manager import CrawlerManager
  File "C:\unbeknown\src\modules\vca\__init__.py", line 12, in <module>
    from .crawler_manager import CrawlerManager
  File "C:\unbeknown\src\modules\vca\crawler_manager.py", line 251
    def _create_dummy_adapter(self, platform: str) -> Any:
                                                          ^
IndentationError: unindent does not match any outer indentation level
2025-05-05 07:30:22,580 - __main__ - INFO - 正在启动 IVAS-IFM 应用程序...
2025-05-05 07:30:22,752 - src.modules.vca.crawler_manager - WARNING - Failed to import adapter for platform: youtube
2025-05-05 07:30:22,752 - src.modules.vca.crawler_manager - INFO - 创建 youtube 平台的模拟适配器
2025-05-05 07:30:22,752 - src.modules.vca.crawler_manager - WARNING - Failed to import adapter for platform: bilibili
2025-05-05 07:30:22,753 - src.modules.vca.crawler_manager - INFO - 创建 bilibili 平台的模拟适配器
2025-05-05 07:30:22,753 - src.modules.vca.crawler_manager - WARNING - Failed to import adapter for platform: tiktok
2025-05-05 07:30:22,753 - src.modules.vca.crawler_manager - INFO - 创建 tiktok 平台的模拟适配器
2025-05-05 07:30:22,753 - src.modules.vca.crawler_manager - WARNING - Failed to import adapter for platform: weibo
2025-05-05 07:30:22,754 - src.modules.vca.crawler_manager - INFO - 创建 weibo 平台的模拟适配器
2025-05-05 07:30:22,754 - src.modules.vca.crawler_manager - WARNING - Failed to import adapter for platform: facebook
2025-05-05 07:30:22,754 - src.modules.vca.crawler_manager - INFO - 创建 facebook 平台的模拟适配器
2025-05-05 07:30:22,754 - src.modules.vca.crawler_manager - INFO - Loaded 5 platform adapters
2025-05-05 07:30:22,754 - src.modules.vca.crawler_manager - INFO - DownloadManager initialized
2025-05-05 07:30:22,755 - src.modules.vca.crawler_manager - INFO - CrawlerManager initialized
2025-05-05 07:30:22,755 - src.gui_app - INFO - 爬虫管理器已初始化
2025-05-05 07:30:22,755 - src.gui_app - INFO - 应用程序开始运行
2025-05-05 07:30:28,823 - src.modules.vca.crawler_manager - INFO - Searching for 'man' on platforms: ['youtube', 'bilibili', 'tiktok', 'weibo', 'facebook']
2025-05-05 07:30:28,824 - src.modules.vca.crawler_manager - INFO - 使用 youtube 平台模拟数据
2025-05-05 07:30:28,824 - src.modules.vca.crawler_manager - INFO - 使用 bilibili 平台模拟数据
2025-05-05 07:30:28,824 - src.modules.vca.crawler_manager - INFO - 使用 tiktok 平台模拟数据
2025-05-05 07:30:28,824 - src.modules.vca.crawler_manager - ERROR - 在 weibo 平台搜索时出错: CrawlerManager._create_dummy_adapter.<locals>.DummyAdapter.search_videos() takes from 2 to 3 positional arguments but 4 were given
2025-05-05 07:30:28,825 - src.modules.vca.crawler_manager - INFO - Found 0 results on bilibili
2025-05-05 07:30:28,825 - src.modules.vca.crawler_manager - ERROR - 在 facebook 平台搜索时出错: CrawlerManager._create_dummy_adapter.<locals>.DummyAdapter.search_videos() takes from 2 to 3 positional arguments but 4 were given
2025-05-05 07:30:28,825 - src.modules.vca.crawler_manager - INFO - Found 0 results on youtube
2025-05-05 07:30:28,825 - src.modules.vca.crawler_manager - INFO - Found 0 results on tiktok
2025-05-05 07:30:28,825 - src.modules.vca.crawler_manager - INFO - Found 0 results on weibo
2025-05-05 07:30:28,826 - src.modules.vca.crawler_manager - INFO - Found 0 results on facebook
2025-05-05 07:30:30,274 - src.modules.vca.crawler_manager - INFO - Searching for 'man' on platforms: ['youtube', 'bilibili', 'tiktok', 'weibo', 'facebook']
2025-05-05 07:30:30,274 - src.modules.vca.crawler_manager - INFO - 使用 youtube 平台模拟数据
2025-05-05 07:30:30,275 - src.modules.vca.crawler_manager - INFO - 使用 bilibili 平台模拟数据
2025-05-05 07:30:30,275 - src.modules.vca.crawler_manager - INFO - 使用 tiktok 平台模拟数据
2025-05-05 07:30:30,275 - src.modules.vca.crawler_manager - ERROR - 在 weibo 平台搜索时出错: CrawlerManager._create_dummy_adapter.<locals>.DummyAdapter.search_videos() takes from 2 to 3 positional arguments but 4 were given
2025-05-05 07:30:30,275 - src.modules.vca.crawler_manager - ERROR - 在 facebook 平台搜索时出错: CrawlerManager._create_dummy_adapter.<locals>.DummyAdapter.search_videos() takes from 2 to 3 positional arguments but 4 were given
2025-05-05 07:30:30,275 - src.modules.vca.crawler_manager - INFO - Found 0 results on youtube
2025-05-05 07:30:30,276 - src.modules.vca.crawler_manager - INFO - Found 0 results on bilibili
2025-05-05 07:30:30,276 - src.modules.vca.crawler_manager - INFO - Found 0 results on tiktok
2025-05-05 07:30:30,276 - src.modules.vca.crawler_manager - INFO - Found 0 results on weibo
2025-05-05 07:30:30,276 - src.modules.vca.crawler_manager - INFO - Found 0 results on facebook
2025-05-05 07:30:31,046 - src.modules.vca.crawler_manager - INFO - Searching for 'man' on platforms: ['youtube', 'bilibili', 'tiktok', 'weibo', 'facebook']
2025-05-05 07:30:31,046 - src.modules.vca.crawler_manager - INFO - 使用 youtube 平台模拟数据
2025-05-05 07:30:31,047 - src.modules.vca.crawler_manager - INFO - 使用 bilibili 平台模拟数据
2025-05-05 07:30:31,047 - src.modules.vca.crawler_manager - INFO - 使用 tiktok 平台模拟数据
2025-05-05 07:30:31,047 - src.modules.vca.crawler_manager - ERROR - 在 weibo 平台搜索时出错: CrawlerManager._create_dummy_adapter.<locals>.DummyAdapter.search_videos() takes from 2 to 3 positional arguments but 4 were given
2025-05-05 07:30:31,047 - src.modules.vca.crawler_manager - INFO - Found 0 results on youtube
2025-05-05 07:30:31,047 - src.modules.vca.crawler_manager - ERROR - 在 facebook 平台搜索时出错: CrawlerManager._create_dummy_adapter.<locals>.DummyAdapter.search_videos() takes from 2 to 3 positional arguments but 4 were given
2025-05-05 07:30:31,048 - src.modules.vca.crawler_manager - INFO - Found 0 results on bilibili
2025-05-05 07:30:31,048 - src.modules.vca.crawler_manager - INFO - Found 0 results on tiktok
2025-05-05 07:30:31,048 - src.modules.vca.crawler_manager - INFO - Found 0 results on weibo
2025-05-05 07:30:31,048 - src.modules.vca.crawler_manager - INFO - Found 0 results on facebook
2025-05-05 07:30:31,306 - src.modules.vca.crawler_manager - INFO - Searching for 'man' on platforms: ['youtube', 'bilibili', 'tiktok', 'weibo', 'facebook']
2025-05-05 07:30:31,307 - src.modules.vca.crawler_manager - INFO - 使用 youtube 平台模拟数据
2025-05-05 07:30:31,307 - src.modules.vca.crawler_manager - INFO - 使用 bilibili 平台模拟数据
2025-05-05 07:30:31,308 - src.modules.vca.crawler_manager - INFO - 使用 tiktok 平台模拟数据
2025-05-05 07:30:31,308 - src.modules.vca.crawler_manager - INFO - Found 0 results on youtube
2025-05-05 07:30:31,308 - src.modules.vca.crawler_manager - ERROR - 在 weibo 平台搜索时出错: CrawlerManager._create_dummy_adapter.<locals>.DummyAdapter.search_videos() takes from 2 to 3 positional arguments but 4 were given
2025-05-05 07:30:31,308 - src.modules.vca.crawler_manager - ERROR - 在 facebook 平台搜索时出错: CrawlerManager._create_dummy_adapter.<locals>.DummyAdapter.search_videos() takes from 2 to 3 positional arguments but 4 were given
2025-05-05 07:30:31,308 - src.modules.vca.crawler_manager - INFO - Found 0 results on bilibili
2025-05-05 07:30:31,308 - src.modules.vca.crawler_manager - INFO - Found 0 results on tiktok
2025-05-05 07:30:31,309 - src.modules.vca.crawler_manager - INFO - Found 0 results on weibo
2025-05-05 07:30:31,309 - src.modules.vca.crawler_manager - INFO - Found 0 results on facebook
2025-05-05 07:30:31,533 - src.modules.vca.crawler_manager - INFO - Searching for 'man' on platforms: ['youtube', 'bilibili', 'tiktok', 'weibo', 'facebook']
2025-05-05 07:30:31,533 - src.modules.vca.crawler_manager - INFO - 使用 youtube 平台模拟数据
2025-05-05 07:30:31,533 - src.modules.vca.crawler_manager - INFO - 使用 bilibili 平台模拟数据
2025-05-05 07:30:31,533 - src.modules.vca.crawler_manager - INFO - 使用 tiktok 平台模拟数据
2025-05-05 07:30:31,533 - src.modules.vca.crawler_manager - ERROR - 在 weibo 平台搜索时出错: CrawlerManager._create_dummy_adapter.<locals>.DummyAdapter.search_videos() takes from 2 to 3 positional arguments but 4 were given
2025-05-05 07:30:31,534 - src.modules.vca.crawler_manager - ERROR - 在 facebook 平台搜索时出错: CrawlerManager._create_dummy_adapter.<locals>.DummyAdapter.search_videos() takes from 2 to 3 positional arguments but 4 were given
2025-05-05 07:30:31,534 - src.modules.vca.crawler_manager - INFO - Found 0 results on bilibili
2025-05-05 07:30:31,534 - src.modules.vca.crawler_manager - INFO - Found 0 results on youtube
2025-05-05 07:30:31,535 - src.modules.vca.crawler_manager - INFO - Found 0 results on tiktok
2025-05-05 07:30:31,535 - src.modules.vca.crawler_manager - INFO - Found 0 results on weibo
2025-05-05 07:30:31,535 - src.modules.vca.crawler_manager - INFO - Found 0 results on facebook
2025-05-05 07:30:36,691 - src.gui_app - INFO - 应用程序已关闭
2025-05-05 07:30:36,691 - __main__ - INFO - 应用程序已正常关闭
2025-05-05 07:30:52,504 - __main__ - INFO - 正在启动 IVAS-IFM 应用程序...
2025-05-05 07:30:52,656 - src.modules.vca.crawler_manager - WARNING - Failed to import adapter for platform: youtube
2025-05-05 07:30:52,657 - src.modules.vca.crawler_manager - INFO - 创建 youtube 平台的模拟适配器
2025-05-05 07:30:52,657 - src.modules.vca.crawler_manager - WARNING - Failed to import adapter for platform: bilibili
2025-05-05 07:30:52,657 - src.modules.vca.crawler_manager - INFO - 创建 bilibili 平台的模拟适配器
2025-05-05 07:30:52,657 - src.modules.vca.crawler_manager - WARNING - Failed to import adapter for platform: tiktok
2025-05-05 07:30:52,658 - src.modules.vca.crawler_manager - INFO - 创建 tiktok 平台的模拟适配器
2025-05-05 07:30:52,658 - src.modules.vca.crawler_manager - WARNING - Failed to import adapter for platform: weibo
2025-05-05 07:30:52,658 - src.modules.vca.crawler_manager - INFO - 创建 weibo 平台的模拟适配器
2025-05-05 07:30:52,659 - src.modules.vca.crawler_manager - WARNING - Failed to import adapter for platform: facebook
2025-05-05 07:30:52,659 - src.modules.vca.crawler_manager - INFO - 创建 facebook 平台的模拟适配器
2025-05-05 07:30:52,659 - src.modules.vca.crawler_manager - INFO - Loaded 5 platform adapters
2025-05-05 07:30:52,659 - src.modules.vca.crawler_manager - INFO - DownloadManager initialized
2025-05-05 07:30:52,659 - src.modules.vca.crawler_manager - INFO - CrawlerManager initialized
2025-05-05 07:30:52,660 - src.gui_app - INFO - 爬虫管理器已初始化
2025-05-05 07:30:52,660 - src.gui_app - INFO - 应用程序开始运行
