2025-05-05 08:09:06,822 - run_tikhub_api - INFO - 启动 TikHub API 服务...
2025-05-05 08:09:07,202 - watchfiles.main - INFO - 4 changes detected
2025-05-05 08:09:08,617 - watchfiles.main - INFO - 1 change detected
2025-05-05 08:09:08,980 - watchfiles.main - INFO - 1 change detected
2025-05-05 08:09:13,047 - tikhub-api - INFO - 正在解析抖音视频: https://www.douyin.com/video/7159502929156705567
2025-05-05 08:09:13,846 - httpx - INFO - HTTP Request: GET https://api.tikhub.io/douyin/video?url=https%3A%2F%2Fwww.douyin.com%2Fvideo%2F7159502929156705567 "HTTP/1.1 404 Not Found"
2025-05-05 08:09:19,391 - tikhub-api - INFO - 正在解析TikTok视频: https://www.tiktok.com/@feelcomfy/video/7363865052876232991
2025-05-05 08:09:19,960 - httpx - INFO - HTTP Request: GET https://api.tikhub.io/tiktok/video?url=https%3A%2F%2Fwww.tiktok.com%2F%40feelcomfy%2Fvideo%2F7363865052876232991 "HTTP/1.1 404 Not Found"
2025-05-05 08:09:42,850 - watchfiles.main - INFO - 1 change detected
2025-05-05 08:09:43,593 - watchfiles.main - INFO - 1 change detected
2025-05-05 08:09:43,961 - watchfiles.main - INFO - 11 changes detected
2025-05-05 08:09:44,878 - watchfiles.main - INFO - 4 changes detected
2025-05-05 08:09:45,720 - watchfiles.main - INFO - 1 change detected
2025-05-05 08:09:46,075 - watchfiles.main - INFO - 1 change detected
2025-05-05 08:09:47,133 - watchfiles.main - INFO - 4 changes detected
2025-05-05 08:10:15,493 - watchfiles.main - INFO - 1 change detected
2025-05-05 08:10:15,852 - watchfiles.main - INFO - 1 change detected
2025-05-05 08:10:17,772 - watchfiles.main - INFO - 1 change detected
2025-05-05 08:10:18,126 - watchfiles.main - INFO - 1 change detected
2025-05-05 08:13:28,637 - watchfiles.main - INFO - 3 changes detected
2025-05-05 08:13:29,677 - watchfiles.main - INFO - 8 changes detected
2025-05-05 08:13:30,035 - watchfiles.main - INFO - 5 changes detected
2025-05-05 08:13:32,307 - watchfiles.main - INFO - 4 changes detected
2025-05-05 08:13:32,665 - watchfiles.main - INFO - 1 change detected
2025-05-05 08:13:55,567 - watchfiles.main - INFO - 3 changes detected
2025-05-05 08:13:56,567 - watchfiles.main - INFO - 8 changes detected
2025-05-05 08:13:56,934 - watchfiles.main - INFO - 5 changes detected
2025-05-05 08:13:58,586 - watchfiles.main - INFO - 4 changes detected
2025-05-05 08:13:58,950 - watchfiles.main - INFO - 1 change detected
2025-05-05 08:14:36,385 - watchfiles.main - INFO - 3 changes detected
2025-05-05 08:14:37,388 - watchfiles.main - INFO - 11 changes detected
2025-05-05 08:14:40,374 - watchfiles.main - INFO - 4 changes detected
2025-05-05 08:14:40,740 - watchfiles.main - INFO - 1 change detected
2025-05-05 08:15:05,528 - watchfiles.main - INFO - 1 change detected
2025-05-05 08:15:07,505 - watchfiles.main - INFO - 4 changes detected
2025-05-05 08:15:17,071 - watchfiles.main - INFO - 1 change detected
2025-05-05 08:15:17,431 - watchfiles.main - INFO - 1 change detected
2025-05-05 08:15:20,363 - watchfiles.main - INFO - 1 change detected
2025-05-05 08:15:20,720 - watchfiles.main - INFO - 1 change detected
2025-05-05 08:15:40,518 - watchfiles.main - INFO - 3 changes detected
2025-05-05 08:15:49,820 - watchfiles.main - INFO - 3 changes detected
2025-05-05 08:18:07,835 - run_tikhub_api - INFO - 启动 TikHub API 服务...
2025-05-05 08:18:07,895 - watchfiles.main - INFO - 1 change detected
2025-05-05 08:18:08,216 - watchfiles.main - INFO - 4 changes detected
2025-05-05 08:18:08,248 - watchfiles.main - INFO - 5 changes detected
2025-05-05 08:18:09,681 - watchfiles.main - INFO - 1 change detected
2025-05-05 08:18:09,761 - watchfiles.main - INFO - 2 changes detected
2025-05-05 08:18:10,036 - watchfiles.main - INFO - 1 change detected
2025-05-05 08:20:17,044 - watchfiles.main - INFO - 1 change detected
2025-05-05 08:20:17,073 - watchfiles.main - INFO - 1 change detected
2025-05-05 08:20:17,410 - watchfiles.main - INFO - 1 change detected
2025-05-05 08:20:17,424 - watchfiles.main - INFO - 1 change detected
2025-05-05 08:20:20,259 - watchfiles.main - INFO - 1 change detected
2025-05-05 08:20:20,260 - watchfiles.main - INFO - 1 change detected
2025-05-05 08:20:20,617 - watchfiles.main - INFO - 1 change detected
2025-05-05 08:20:20,617 - watchfiles.main - INFO - 1 change detected
2025-05-05 08:21:55,335 - tikhub-api - INFO - 正在使用混合解析: https://www.tiktok.com/@example/video/1234567890
2025-05-05 08:21:56,083 - httpx - INFO - HTTP Request: GET https://api.tikhub.io/api/v1/hybrid/parsing?url=https%3A%2F%2Fwww.tiktok.com%2F%40example%2Fvideo%2F1234567890 "HTTP/1.1 404 Not Found"
2025-05-05 08:22:24,868 - tikhub-api - INFO - 正在使用混合解析: https://www.douyin.com/video/7159502929156705567
2025-05-05 08:22:25,243 - httpx - INFO - HTTP Request: GET https://api.tikhub.io/api/v1/hybrid/parsing?url=https%3A%2F%2Fwww.douyin.com%2Fvideo%2F7159502929156705567 "HTTP/1.1 404 Not Found"
2025-05-05 08:22:41,251 - tikhub-api - INFO - 正在使用混合解析: https://www.douyin.com/video/7159502929156705567
2025-05-05 08:22:41,660 - httpx - INFO - HTTP Request: GET https://api.tikhub.io/api/v1/hybrid/parsing?url=https%3A%2F%2Fwww.douyin.com%2Fvideo%2F7159502929156705567 "HTTP/1.1 404 Not Found"
2025-05-05 08:22:49,372 - watchfiles.main - INFO - 1 change detected
2025-05-05 08:22:50,117 - watchfiles.main - INFO - 1 change detected
2025-05-05 08:22:50,216 - watchfiles.main - INFO - 1 change detected
2025-05-05 08:22:50,691 - watchfiles.main - INFO - 5 changes detected
2025-05-05 08:22:50,723 - watchfiles.main - INFO - 5 changes detected
2025-05-05 08:22:51,079 - watchfiles.main - INFO - 8 changes detected
2025-05-05 08:22:51,133 - watchfiles.main - INFO - 8 changes detected
2025-05-05 08:22:51,529 - watchfiles.main - INFO - 4 changes detected
2025-05-05 08:22:51,566 - watchfiles.main - INFO - 4 changes detected
2025-05-05 08:22:52,886 - watchfiles.main - INFO - 1 change detected
2025-05-05 08:22:52,907 - watchfiles.main - INFO - 1 change detected
2025-05-05 08:22:53,287 - watchfiles.main - INFO - 1 change detected
2025-05-05 08:22:53,328 - watchfiles.main - INFO - 1 change detected
2025-05-05 08:22:54,337 - watchfiles.main - INFO - 4 changes detected
2025-05-05 08:22:54,338 - watchfiles.main - INFO - 4 changes detected
2025-05-05 08:22:55,149 - tikhub-api - INFO - 正在使用混合解析: https://www.douyin.com/video/7159502929156705567
2025-05-05 08:22:55,807 - httpx - INFO - HTTP Request: GET https://api.tikhub.io/api/v1/hybrid/parsing?url=https%3A%2F%2Fwww.douyin.com%2Fvideo%2F7159502929156705567 "HTTP/1.1 404 Not Found"
2025-05-05 08:24:58,088 - watchfiles.main - INFO - 1 change detected
2025-05-05 08:24:58,088 - watchfiles.main - INFO - 1 change detected
2025-05-05 08:24:58,912 - watchfiles.main - INFO - 1 change detected
2025-05-05 08:24:58,914 - watchfiles.main - INFO - 1 change detected
2025-05-05 08:24:59,669 - watchfiles.main - INFO - 14 changes detected
2025-05-05 08:24:59,669 - watchfiles.main - INFO - 14 changes detected
2025-05-05 08:25:00,040 - watchfiles.main - INFO - 3 changes detected
2025-05-05 08:25:00,040 - watchfiles.main - INFO - 3 changes detected
2025-05-05 08:25:01,051 - watchfiles.main - INFO - 3 changes detected
2025-05-05 08:25:01,112 - watchfiles.main - INFO - 3 changes detected
2025-05-05 08:25:01,725 - watchfiles.main - INFO - 1 change detected
2025-05-05 08:25:01,733 - watchfiles.main - INFO - 1 change detected
2025-05-05 08:25:02,104 - watchfiles.main - INFO - 1 change detected
2025-05-05 08:25:02,152 - watchfiles.main - INFO - 1 change detected
2025-05-05 08:25:02,611 - watchfiles.main - INFO - 4 changes detected
2025-05-05 08:25:02,624 - watchfiles.main - INFO - 4 changes detected
2025-05-05 08:25:02,965 - watchfiles.main - INFO - 1 change detected
2025-05-05 08:25:17,052 - watchfiles.main - INFO - 1 change detected
2025-05-05 08:25:17,067 - watchfiles.main - INFO - 1 change detected
2025-05-05 08:25:17,407 - watchfiles.main - INFO - 1 change detected
2025-05-05 08:25:17,423 - watchfiles.main - INFO - 1 change detected
2025-05-05 08:25:18,681 - watchfiles.main - INFO - 1 change detected
2025-05-05 08:25:18,696 - watchfiles.main - INFO - 1 change detected
2025-05-05 08:25:19,034 - watchfiles.main - INFO - 1 change detected
2025-05-05 08:25:19,050 - watchfiles.main - INFO - 1 change detected
2025-05-05 08:25:33,057 - watchfiles.main - INFO - 3 changes detected
2025-05-05 08:25:33,071 - watchfiles.main - INFO - 3 changes detected
2025-05-05 08:25:34,019 - watchfiles.main - INFO - 11 changes detected
2025-05-05 08:25:34,026 - watchfiles.main - INFO - 11 changes detected
2025-05-05 08:25:36,557 - watchfiles.main - INFO - 4 changes detected
2025-05-05 08:25:36,558 - watchfiles.main - INFO - 4 changes detected
2025-05-05 08:28:53,099 - watchfiles.main - INFO - 1 change detected
2025-05-05 08:28:53,115 - watchfiles.main - INFO - 1 change detected
2025-05-05 08:28:54,557 - watchfiles.main - INFO - 11 changes detected
2025-05-05 08:28:54,594 - watchfiles.main - INFO - 11 changes detected
2025-05-05 08:28:55,198 - watchfiles.main - INFO - 2 changes detected
2025-05-05 08:28:55,208 - watchfiles.main - INFO - 2 changes detected
2025-05-05 08:28:56,240 - watchfiles.main - INFO - 3 changes detected
2025-05-05 08:28:56,241 - watchfiles.main - INFO - 3 changes detected
2025-05-05 08:28:56,850 - watchfiles.main - INFO - 1 change detected
2025-05-05 08:28:56,888 - watchfiles.main - INFO - 1 change detected
2025-05-05 08:28:57,202 - watchfiles.main - INFO - 1 change detected
2025-05-05 08:28:57,247 - watchfiles.main - INFO - 1 change detected
2025-05-05 08:28:59,370 - watchfiles.main - INFO - 4 changes detected
2025-05-05 08:28:59,376 - watchfiles.main - INFO - 4 changes detected
2025-05-05 08:29:19,537 - watchfiles.main - INFO - 1 change detected
2025-05-05 08:29:20,613 - watchfiles.main - INFO - 5 changes detected
2025-05-05 08:29:20,614 - watchfiles.main - INFO - 5 changes detected
2025-05-05 08:29:21,009 - watchfiles.main - INFO - 8 changes detected
2025-05-05 08:29:21,009 - watchfiles.main - INFO - 8 changes detected
2025-05-05 08:29:21,624 - watchfiles.main - INFO - 2 changes detected
2025-05-05 08:29:21,624 - watchfiles.main - INFO - 2 changes detected
2025-05-05 08:29:22,189 - watchfiles.main - INFO - 3 changes detected
2025-05-05 08:29:22,283 - watchfiles.main - INFO - 3 changes detected
2025-05-05 08:29:22,895 - watchfiles.main - INFO - 1 change detected
2025-05-05 08:29:22,897 - watchfiles.main - INFO - 1 change detected
2025-05-05 08:29:23,262 - watchfiles.main - INFO - 1 change detected
2025-05-05 08:29:23,262 - watchfiles.main - INFO - 1 change detected
2025-05-05 08:29:24,389 - watchfiles.main - INFO - 4 changes detected
2025-05-05 08:29:24,389 - watchfiles.main - INFO - 4 changes detected
2025-05-05 08:30:17,080 - watchfiles.main - INFO - 1 change detected
2025-05-05 08:30:17,080 - watchfiles.main - INFO - 1 change detected
2025-05-05 08:30:17,433 - watchfiles.main - INFO - 1 change detected
2025-05-05 08:30:17,433 - watchfiles.main - INFO - 1 change detected
2025-05-05 08:30:18,751 - watchfiles.main - INFO - 1 change detected
2025-05-05 08:30:19,115 - watchfiles.main - INFO - 1 change detected
2025-05-05 08:30:24,742 - watchfiles.main - INFO - 1 change detected
2025-05-05 08:30:24,742 - watchfiles.main - INFO - 1 change detected
2025-05-05 08:30:25,732 - watchfiles.main - INFO - 5 changes detected
2025-05-05 08:30:25,748 - watchfiles.main - INFO - 5 changes detected
2025-05-05 08:30:26,096 - watchfiles.main - INFO - 8 changes detected
2025-05-05 08:30:26,130 - watchfiles.main - INFO - 8 changes detected
2025-05-05 08:30:26,555 - watchfiles.main - INFO - 2 changes detected
2025-05-05 08:30:26,561 - watchfiles.main - INFO - 2 changes detected
2025-05-05 08:30:27,535 - watchfiles.main - INFO - 3 changes detected
2025-05-05 08:30:27,580 - watchfiles.main - INFO - 3 changes detected
2025-05-05 08:30:28,193 - watchfiles.main - INFO - 1 change detected
2025-05-05 08:30:28,210 - watchfiles.main - INFO - 1 change detected
2025-05-05 08:30:28,549 - watchfiles.main - INFO - 5 changes detected
2025-05-05 08:30:28,564 - watchfiles.main - INFO - 5 changes detected
2025-05-05 08:30:39,885 - watchfiles.main - INFO - 1 change detected
2025-05-05 08:30:41,005 - watchfiles.main - INFO - 1 change detected
2025-05-05 08:30:41,019 - watchfiles.main - INFO - 1 change detected
2025-05-05 08:30:41,362 - watchfiles.main - INFO - 11 changes detected
2025-05-05 08:30:41,378 - watchfiles.main - INFO - 11 changes detected
2025-05-05 08:30:41,718 - watchfiles.main - INFO - 2 changes detected
2025-05-05 08:30:41,799 - watchfiles.main - INFO - 3 changes detected
2025-05-05 08:30:42,514 - watchfiles.main - INFO - 2 changes detected
2025-05-05 08:30:42,545 - watchfiles.main - INFO - 3 changes detected
2025-05-05 08:30:43,245 - watchfiles.main - INFO - 1 change detected
2025-05-05 08:30:43,606 - watchfiles.main - INFO - 1 change detected
2025-05-05 08:30:43,607 - watchfiles.main - INFO - 1 change detected
2025-05-05 08:30:44,429 - watchfiles.main - INFO - 4 changes detected
2025-05-05 08:30:44,430 - watchfiles.main - INFO - 4 changes detected
2025-05-05 08:30:44,791 - watchfiles.main - INFO - 1 change detected
2025-05-05 08:30:49,722 - run_tikhub_api - INFO - 启动 TikHub API V2服务...
2025-05-05 08:30:49,723 - run_tikhub_api - INFO - 已检测到配置文件
2025-05-05 08:30:49,806 - watchfiles.main - INFO - 1 change detected
2025-05-05 08:30:50,163 - watchfiles.main - INFO - 5 changes detected
2025-05-05 08:30:50,163 - watchfiles.main - INFO - 5 changes detected
2025-05-05 08:30:50,164 - watchfiles.main - INFO - 5 changes detected
2025-05-05 08:30:50,518 - watchfiles.main - INFO - 1 change detected
2025-05-05 08:30:50,518 - watchfiles.main - INFO - 1 change detected
2025-05-05 08:30:50,518 - watchfiles.main - INFO - 1 change detected
2025-05-05 08:30:53,605 - watchfiles.main - INFO - 1 change detected
2025-05-05 08:30:53,608 - watchfiles.main - INFO - 1 change detected
2025-05-05 08:30:53,608 - watchfiles.main - INFO - 1 change detected
2025-05-05 08:30:53,965 - watchfiles.main - INFO - 1 change detected
2025-05-05 08:30:53,965 - watchfiles.main - INFO - 1 change detected
2025-05-05 08:30:53,965 - watchfiles.main - INFO - 1 change detected
2025-05-05 08:30:59,138 - watchfiles.main - INFO - 1 change detected
2025-05-05 08:30:59,140 - watchfiles.main - INFO - 1 change detected
2025-05-05 08:30:59,140 - watchfiles.main - INFO - 1 change detected
2025-05-05 08:31:00,250 - watchfiles.main - INFO - 5 changes detected
2025-05-05 08:31:00,380 - watchfiles.main - INFO - 14 changes detected
2025-05-05 08:31:00,386 - watchfiles.main - INFO - 14 changes detected
2025-05-05 08:31:00,622 - watchfiles.main - INFO - 11 changes detected
2025-05-05 08:31:00,749 - watchfiles.main - INFO - 1 change detected
2025-05-05 08:31:00,749 - watchfiles.main - INFO - 1 change detected
2025-05-05 08:31:00,982 - watchfiles.main - INFO - 1 change detected
2025-05-05 08:31:01,275 - watchfiles.main - INFO - 2 changes detected
2025-05-05 08:31:01,275 - watchfiles.main - INFO - 2 changes detected
2025-05-05 08:31:01,365 - watchfiles.main - INFO - 3 changes detected
2025-05-05 08:31:02,003 - watchfiles.main - INFO - 3 changes detected
2025-05-05 08:31:02,084 - watchfiles.main - INFO - 2 changes detected
2025-05-05 08:31:02,171 - watchfiles.main - INFO - 3 changes detected
2025-05-05 08:31:02,617 - watchfiles.main - INFO - 1 change detected
2025-05-05 08:31:02,619 - watchfiles.main - INFO - 1 change detected
2025-05-05 08:31:02,628 - watchfiles.main - INFO - 1 change detected
2025-05-05 08:31:02,985 - watchfiles.main - INFO - 1 change detected
2025-05-05 08:31:02,985 - watchfiles.main - INFO - 1 change detected
2025-05-05 08:31:02,985 - watchfiles.main - INFO - 1 change detected
2025-05-05 08:31:03,998 - watchfiles.main - INFO - 5 changes detected
2025-05-05 08:31:03,998 - watchfiles.main - INFO - 5 changes detected
2025-05-05 08:31:03,998 - watchfiles.main - INFO - 5 changes detected
2025-05-05 08:31:04,358 - watchfiles.main - INFO - 1 change detected
2025-05-05 08:31:04,358 - watchfiles.main - INFO - 1 change detected
2025-05-05 08:31:06,256 - tikhub-api - INFO - 正在使用混合解析: https://www.douyin.com/video/7159502929156705567
2025-05-05 08:31:06,749 - httpx - INFO - HTTP Request: GET https://api.tikhub.io/api/v1/hybrid/parsing?url=https%3A%2F%2Fwww.douyin.com%2Fvideo%2F7159502929156705567 "HTTP/1.1 404 Not Found"
2025-05-05 08:31:38,565 - run_tikhub_api - INFO - 启动 TikHub API V2服务...
2025-05-05 08:31:38,565 - run_tikhub_api - INFO - 已检测到配置文件
2025-05-05 08:31:38,625 - watchfiles.main - INFO - 1 change detected
2025-05-05 08:31:38,625 - watchfiles.main - INFO - 1 change detected
2025-05-05 08:31:38,625 - watchfiles.main - INFO - 1 change detected
2025-05-05 08:31:38,959 - watchfiles.main - INFO - 4 changes detected
2025-05-05 08:31:38,978 - watchfiles.main - INFO - 5 changes detected
2025-05-05 08:31:38,978 - watchfiles.main - INFO - 5 changes detected
2025-05-05 08:31:38,978 - watchfiles.main - INFO - 5 changes detected
2025-05-05 08:31:39,816 - watchfiles.main - INFO - 1 change detected
2025-05-05 08:31:39,899 - watchfiles.main - INFO - 2 changes detected
2025-05-05 08:31:40,170 - watchfiles.main - INFO - 1 change detected
2025-05-05 08:32:50,518 - run_tikhub_api - INFO - 启动 TikHub API V2服务...
2025-05-05 08:32:50,519 - run_tikhub_api - INFO - 已检测到配置文件
2025-05-05 08:32:50,579 - watchfiles.main - INFO - 1 change detected
2025-05-05 08:32:50,579 - watchfiles.main - INFO - 1 change detected
2025-05-05 08:32:50,579 - watchfiles.main - INFO - 1 change detected
2025-05-05 08:32:50,579 - watchfiles.main - INFO - 1 change detected
2025-05-05 08:32:50,901 - watchfiles.main - INFO - 4 changes detected
2025-05-05 08:32:50,933 - watchfiles.main - INFO - 5 changes detected
2025-05-05 08:32:50,933 - watchfiles.main - INFO - 5 changes detected
2025-05-05 08:32:50,934 - watchfiles.main - INFO - 5 changes detected
2025-05-05 08:32:54,084 - watchfiles.main - INFO - 1 change detected
2025-05-05 08:32:54,113 - watchfiles.main - INFO - 1 change detected
2025-05-05 08:32:54,113 - watchfiles.main - INFO - 1 change detected
2025-05-05 08:32:54,438 - watchfiles.main - INFO - 1 change detected
2025-05-05 08:32:54,468 - watchfiles.main - INFO - 1 change detected
2025-05-05 08:32:54,468 - watchfiles.main - INFO - 1 change detected
2025-05-05 08:32:54,468 - watchfiles.main - INFO - 1 change detected
2025-05-05 08:33:59,868 - run_tikhub_api - INFO - 启动 TikHub API V2服务...
2025-05-05 08:33:59,869 - run_tikhub_api - INFO - 已检测到配置文件
2025-05-05 08:33:59,923 - watchfiles.main - INFO - 1 change detected
2025-05-05 08:33:59,923 - watchfiles.main - INFO - 1 change detected
2025-05-05 08:33:59,928 - watchfiles.main - INFO - 1 change detected
2025-05-05 08:33:59,928 - watchfiles.main - INFO - 1 change detected
2025-05-05 08:34:00,261 - watchfiles.main - INFO - 4 changes detected
2025-05-05 08:34:00,278 - watchfiles.main - INFO - 5 changes detected
2025-05-05 08:34:00,278 - watchfiles.main - INFO - 5 changes detected
2025-05-05 08:34:00,278 - watchfiles.main - INFO - 5 changes detected
2025-05-05 08:34:00,293 - watchfiles.main - INFO - 5 changes detected
2025-05-05 08:34:04,050 - watchfiles.main - INFO - 1 change detected
2025-05-05 08:34:04,064 - watchfiles.main - INFO - 1 change detected
2025-05-05 08:34:04,064 - watchfiles.main - INFO - 1 change detected
2025-05-05 08:34:04,064 - watchfiles.main - INFO - 1 change detected
2025-05-05 08:34:04,131 - watchfiles.main - INFO - 2 changes detected
2025-05-05 08:34:04,407 - watchfiles.main - INFO - 1 change detected
2025-05-05 08:34:04,422 - watchfiles.main - INFO - 1 change detected
2025-05-05 08:34:04,422 - watchfiles.main - INFO - 1 change detected
2025-05-05 08:34:04,422 - watchfiles.main - INFO - 1 change detected
2025-05-05 08:35:17,068 - watchfiles.main - INFO - 1 change detected
2025-05-05 08:35:17,068 - watchfiles.main - INFO - 1 change detected
2025-05-05 08:35:17,068 - watchfiles.main - INFO - 1 change detected
2025-05-05 08:35:17,090 - watchfiles.main - INFO - 1 change detected
2025-05-05 08:35:17,090 - watchfiles.main - INFO - 1 change detected
2025-05-05 08:35:17,433 - watchfiles.main - INFO - 1 change detected
2025-05-05 08:35:17,433 - watchfiles.main - INFO - 1 change detected
2025-05-05 08:35:17,433 - watchfiles.main - INFO - 1 change detected
2025-05-05 08:35:17,448 - watchfiles.main - INFO - 1 change detected
2025-05-05 08:35:17,448 - watchfiles.main - INFO - 1 change detected
2025-05-05 08:35:18,696 - watchfiles.main - INFO - 1 change detected
2025-05-05 08:35:18,696 - watchfiles.main - INFO - 1 change detected
2025-05-05 08:35:18,709 - watchfiles.main - INFO - 1 change detected
2025-05-05 08:35:18,709 - watchfiles.main - INFO - 1 change detected
2025-05-05 08:35:19,050 - watchfiles.main - INFO - 1 change detected
2025-05-05 08:35:19,050 - watchfiles.main - INFO - 1 change detected
2025-05-05 08:35:19,067 - watchfiles.main - INFO - 1 change detected
2025-05-05 08:35:19,067 - watchfiles.main - INFO - 1 change detected
2025-05-05 08:36:13,762 - watchfiles.main - INFO - 1 change detected
2025-05-05 08:36:13,762 - watchfiles.main - INFO - 1 change detected
2025-05-05 08:36:13,776 - watchfiles.main - INFO - 1 change detected
2025-05-05 08:36:13,776 - watchfiles.main - INFO - 1 change detected
2025-05-05 08:36:13,776 - watchfiles.main - INFO - 1 change detected
2025-05-05 08:36:14,520 - watchfiles.main - INFO - 1 change detected
2025-05-05 08:36:14,523 - watchfiles.main - INFO - 1 change detected
2025-05-05 08:36:14,552 - watchfiles.main - INFO - 1 change detected
2025-05-05 08:36:14,598 - watchfiles.main - INFO - 1 change detected
2025-05-05 08:36:14,644 - watchfiles.main - INFO - 1 change detected
2025-05-05 08:36:14,663 - watchfiles.main - INFO - 1 change detected
2025-05-05 08:36:14,907 - watchfiles.main - INFO - 1 change detected
2025-05-05 08:36:14,930 - watchfiles.main - INFO - 1 change detected
2025-05-05 08:36:14,936 - watchfiles.main - INFO - 1 change detected
2025-05-05 08:36:15,031 - watchfiles.main - INFO - 5 changes detected
2025-05-05 08:36:15,041 - watchfiles.main - INFO - 5 changes detected
2025-05-05 08:36:15,179 - watchfiles.main - INFO - 11 changes detected
2025-05-05 08:36:15,281 - watchfiles.main - INFO - 11 changes detected
2025-05-05 08:36:15,317 - watchfiles.main - INFO - 11 changes detected
2025-05-05 08:36:15,320 - watchfiles.main - INFO - 11 changes detected
2025-05-05 08:36:15,417 - watchfiles.main - INFO - 8 changes detected
2025-05-05 08:36:15,424 - watchfiles.main - INFO - 8 changes detected
2025-05-05 08:36:15,557 - watchfiles.main - INFO - 1 change detected
2025-05-05 08:36:15,678 - watchfiles.main - INFO - 1 change detected
2025-05-05 08:36:15,712 - watchfiles.main - INFO - 1 change detected
2025-05-05 08:36:15,715 - watchfiles.main - INFO - 1 change detected
2025-05-05 08:36:15,803 - watchfiles.main - INFO - 1 change detected
2025-05-05 08:36:15,835 - watchfiles.main - INFO - 1 change detected
2025-05-05 08:36:15,945 - watchfiles.main - INFO - 1 change detected
2025-05-05 08:36:16,099 - watchfiles.main - INFO - 3 changes detected
2025-05-05 08:36:16,216 - watchfiles.main - INFO - 5 changes detected
2025-05-05 08:36:16,226 - watchfiles.main - INFO - 5 changes detected
2025-05-05 08:36:16,228 - watchfiles.main - INFO - 5 changes detected
2025-05-05 08:36:16,273 - watchfiles.main - INFO - 5 changes detected
2025-05-05 08:36:16,341 - watchfiles.main - INFO - 5 changes detected
2025-05-05 08:36:17,012 - watchfiles.main - INFO - 8 changes detected
2025-05-05 08:36:17,049 - watchfiles.main - INFO - 5 changes detected
2025-05-05 08:36:17,064 - watchfiles.main - INFO - 5 changes detected
2025-05-05 08:36:17,078 - watchfiles.main - INFO - 5 changes detected
2025-05-05 08:36:17,120 - watchfiles.main - INFO - 5 changes detected
2025-05-05 08:36:17,123 - watchfiles.main - INFO - 5 changes detected
2025-05-05 08:36:17,410 - watchfiles.main - INFO - 1 change detected
2025-05-05 08:36:17,528 - watchfiles.main - INFO - 8 changes detected
2025-05-05 08:36:17,540 - watchfiles.main - INFO - 8 changes detected
2025-05-05 08:36:17,542 - watchfiles.main - INFO - 8 changes detected
2025-05-05 08:36:17,548 - watchfiles.main - INFO - 8 changes detected
2025-05-05 08:36:17,573 - watchfiles.main - INFO - 8 changes detected
2025-05-05 08:36:17,779 - watchfiles.main - INFO - 11 changes detected
2025-05-05 08:36:17,888 - watchfiles.main - INFO - 5 changes detected
2025-05-05 08:36:17,903 - watchfiles.main - INFO - 5 changes detected
2025-05-05 08:36:17,903 - watchfiles.main - INFO - 5 changes detected
2025-05-05 08:36:17,931 - watchfiles.main - INFO - 5 changes detected
2025-05-05 08:36:17,948 - watchfiles.main - INFO - 5 changes detected
2025-05-05 08:36:18,147 - watchfiles.main - INFO - 1 change detected
2025-05-05 08:36:18,262 - watchfiles.main - INFO - 1 change detected
2025-05-05 08:36:18,275 - watchfiles.main - INFO - 1 change detected
2025-05-05 08:36:18,275 - watchfiles.main - INFO - 1 change detected
2025-05-05 08:36:18,324 - watchfiles.main - INFO - 1 change detected
2025-05-05 08:36:18,324 - watchfiles.main - INFO - 1 change detected
2025-05-05 08:36:19,427 - watchfiles.main - INFO - 4 changes detected
2025-05-05 08:36:19,431 - watchfiles.main - INFO - 4 changes detected
2025-05-05 08:36:19,442 - watchfiles.main - INFO - 4 changes detected
2025-05-05 08:36:19,448 - watchfiles.main - INFO - 4 changes detected
2025-05-05 08:36:40,904 - watchfiles.main - INFO - 1 change detected
2025-05-05 08:36:40,904 - watchfiles.main - INFO - 1 change detected
2025-05-05 08:36:40,904 - watchfiles.main - INFO - 1 change detected
2025-05-05 08:36:40,904 - watchfiles.main - INFO - 1 change detected
2025-05-05 08:36:40,907 - watchfiles.main - INFO - 1 change detected
2025-05-05 08:36:40,907 - watchfiles.main - INFO - 1 change detected
2025-05-05 08:36:42,056 - watchfiles.main - INFO - 1 change detected
2025-05-05 08:36:42,056 - watchfiles.main - INFO - 1 change detected
2025-05-05 08:36:42,060 - watchfiles.main - INFO - 1 change detected
2025-05-05 08:36:42,065 - watchfiles.main - INFO - 1 change detected
2025-05-05 08:36:42,069 - watchfiles.main - INFO - 1 change detected
2025-05-05 08:36:42,084 - watchfiles.main - INFO - 1 change detected
2025-05-05 08:36:42,441 - watchfiles.main - INFO - 14 changes detected
2025-05-05 08:36:42,443 - watchfiles.main - INFO - 14 changes detected
2025-05-05 08:36:42,444 - watchfiles.main - INFO - 14 changes detected
2025-05-05 08:36:42,444 - watchfiles.main - INFO - 14 changes detected
2025-05-05 08:36:42,445 - watchfiles.main - INFO - 14 changes detected
2025-05-05 08:36:42,461 - watchfiles.main - INFO - 14 changes detected
2025-05-05 08:36:43,272 - watchfiles.main - INFO - 4 changes detected
2025-05-05 08:36:43,319 - watchfiles.main - INFO - 4 changes detected
2025-05-05 08:36:43,322 - watchfiles.main - INFO - 4 changes detected
2025-05-05 08:36:43,323 - watchfiles.main - INFO - 4 changes detected
2025-05-05 08:36:43,325 - watchfiles.main - INFO - 4 changes detected
2025-05-05 08:36:43,324 - watchfiles.main - INFO - 4 changes detected
2025-05-05 08:36:44,439 - watchfiles.main - INFO - 1 change detected
2025-05-05 08:36:44,456 - watchfiles.main - INFO - 1 change detected
2025-05-05 08:36:44,459 - watchfiles.main - INFO - 1 change detected
2025-05-05 08:36:44,473 - watchfiles.main - INFO - 1 change detected
2025-05-05 08:36:44,474 - watchfiles.main - INFO - 1 change detected
2025-05-05 08:36:44,476 - watchfiles.main - INFO - 1 change detected
2025-05-05 08:36:44,835 - watchfiles.main - INFO - 8 changes detected
2025-05-05 08:36:44,835 - watchfiles.main - INFO - 8 changes detected
2025-05-05 08:36:44,844 - watchfiles.main - INFO - 8 changes detected
2025-05-05 08:36:44,855 - watchfiles.main - INFO - 8 changes detected
2025-05-05 08:36:44,869 - watchfiles.main - INFO - 8 changes detected
2025-05-05 08:36:44,869 - watchfiles.main - INFO - 8 changes detected
2025-05-05 08:36:47,348 - watchfiles.main - INFO - 1 change detected
2025-05-05 08:36:47,362 - watchfiles.main - INFO - 1 change detected
2025-05-05 08:36:47,362 - watchfiles.main - INFO - 1 change detected
2025-05-05 08:36:47,430 - watchfiles.main - INFO - 2 changes detected
2025-05-05 08:36:47,433 - watchfiles.main - INFO - 2 changes detected
2025-05-05 08:36:47,707 - watchfiles.main - INFO - 1 change detected
2025-05-05 08:36:47,723 - watchfiles.main - INFO - 1 change detected
2025-05-05 08:37:33,415 - watchfiles.main - INFO - 1 change detected
2025-05-05 08:37:33,416 - watchfiles.main - INFO - 1 change detected
2025-05-05 08:37:33,416 - watchfiles.main - INFO - 1 change detected
2025-05-05 08:37:33,441 - watchfiles.main - INFO - 1 change detected
2025-05-05 08:37:33,441 - watchfiles.main - INFO - 1 change detected
2025-05-05 08:37:34,600 - watchfiles.main - INFO - 1 change detected
2025-05-05 08:37:34,605 - watchfiles.main - INFO - 1 change detected
2025-05-05 08:37:34,607 - watchfiles.main - INFO - 1 change detected
2025-05-05 08:37:34,609 - watchfiles.main - INFO - 1 change detected
2025-05-05 08:37:34,611 - watchfiles.main - INFO - 1 change detected
2025-05-05 08:37:34,976 - watchfiles.main - INFO - 11 changes detected
2025-05-05 08:37:34,977 - watchfiles.main - INFO - 11 changes detected
2025-05-05 08:37:34,977 - watchfiles.main - INFO - 11 changes detected
2025-05-05 08:37:34,977 - watchfiles.main - INFO - 11 changes detected
2025-05-05 08:37:34,978 - watchfiles.main - INFO - 11 changes detected
2025-05-05 08:37:34,998 - watchfiles.main - INFO - 11 changes detected
2025-05-05 08:37:35,818 - watchfiles.main - INFO - 3 changes detected
2025-05-05 08:37:35,816 - watchfiles.main - INFO - 3 changes detected
2025-05-05 08:37:35,822 - watchfiles.main - INFO - 3 changes detected
2025-05-05 08:37:35,822 - watchfiles.main - INFO - 3 changes detected
2025-05-05 08:37:35,825 - watchfiles.main - INFO - 3 changes detected
2025-05-05 08:37:35,834 - watchfiles.main - INFO - 3 changes detected
2025-05-05 08:37:36,551 - watchfiles.main - INFO - 2 changes detected
2025-05-05 08:37:36,718 - watchfiles.main - INFO - 2 changes detected
2025-05-05 08:37:36,730 - watchfiles.main - INFO - 2 changes detected
2025-05-05 08:37:36,730 - watchfiles.main - INFO - 2 changes detected
2025-05-05 08:37:36,792 - watchfiles.main - INFO - 2 changes detected
2025-05-05 08:37:37,012 - watchfiles.main - INFO - 3 changes detected
2025-05-05 08:37:37,172 - watchfiles.main - INFO - 1 change detected
2025-05-05 08:37:37,175 - watchfiles.main - INFO - 1 change detected
2025-05-05 08:37:37,188 - watchfiles.main - INFO - 1 change detected
2025-05-05 08:37:37,314 - watchfiles.main - INFO - 5 changes detected
2025-05-05 08:37:37,361 - watchfiles.main - INFO - 5 changes detected
2025-05-05 08:37:37,499 - watchfiles.main - INFO - 5 changes detected
2025-05-05 08:37:37,534 - watchfiles.main - INFO - 5 changes detected
2025-05-05 08:37:37,551 - watchfiles.main - INFO - 5 changes detected
2025-05-05 08:37:37,666 - watchfiles.main - INFO - 11 changes detected
2025-05-05 08:37:37,688 - watchfiles.main - INFO - 8 changes detected
2025-05-05 08:37:37,729 - watchfiles.main - INFO - 8 changes detected
2025-05-05 08:37:37,876 - watchfiles.main - INFO - 11 changes detected
2025-05-05 08:37:37,909 - watchfiles.main - INFO - 11 changes detected
2025-05-05 08:37:37,925 - watchfiles.main - INFO - 11 changes detected
2025-05-05 08:37:38,034 - watchfiles.main - INFO - 5 changes detected
2025-05-05 08:37:38,055 - watchfiles.main - INFO - 5 changes detected
2025-05-05 08:37:38,104 - watchfiles.main - INFO - 5 changes detected
2025-05-05 08:37:38,262 - watchfiles.main - INFO - 1 change detected
2025-05-05 08:37:38,286 - watchfiles.main - INFO - 1 change detected
2025-05-05 08:37:38,313 - watchfiles.main - INFO - 1 change detected
2025-05-05 08:37:38,419 - watchfiles.main - INFO - 1 change detected
2025-05-05 08:37:38,482 - watchfiles.main - INFO - 1 change detected
2025-05-05 08:37:38,483 - watchfiles.main - INFO - 1 change detected
2025-05-05 08:37:38,699 - watchfiles.main - INFO - 1 change detected
2025-05-05 08:37:38,693 - watchfiles.main - INFO - 1 change detected
2025-05-05 08:37:38,694 - watchfiles.main - INFO - 1 change detected
2025-05-05 08:37:38,812 - watchfiles.main - INFO - 1 change detected
2025-05-05 08:37:38,872 - watchfiles.main - INFO - 1 change detected
2025-05-05 08:37:38,873 - watchfiles.main - INFO - 1 change detected
2025-05-05 08:37:39,065 - watchfiles.main - INFO - 1 change detected
2025-05-05 08:37:39,065 - watchfiles.main - INFO - 1 change detected
2025-05-05 08:37:39,065 - watchfiles.main - INFO - 1 change detected
2025-05-05 08:37:39,172 - watchfiles.main - INFO - 1 change detected
2025-05-05 08:37:39,233 - watchfiles.main - INFO - 1 change detected
2025-05-05 08:37:39,882 - watchfiles.main - INFO - 4 changes detected
2025-05-05 08:37:39,893 - watchfiles.main - INFO - 4 changes detected
2025-05-05 08:37:39,926 - watchfiles.main - INFO - 4 changes detected
2025-05-05 08:37:39,926 - watchfiles.main - INFO - 4 changes detected
2025-05-05 08:37:40,235 - watchfiles.main - INFO - 1 change detected
2025-05-05 08:37:40,250 - watchfiles.main - INFO - 1 change detected
2025-05-05 08:37:44,242 - watchfiles.main - INFO - 1 change detected
2025-05-05 08:37:44,272 - watchfiles.main - INFO - 1 change detected
2025-05-05 08:37:44,272 - watchfiles.main - INFO - 1 change detected
2025-05-05 08:37:44,272 - watchfiles.main - INFO - 1 change detected
2025-05-05 08:37:44,273 - watchfiles.main - INFO - 1 change detected
2025-05-05 08:37:46,230 - watchfiles.main - INFO - 4 changes detected
2025-05-05 08:37:46,250 - watchfiles.main - INFO - 4 changes detected
2025-05-05 08:37:46,250 - watchfiles.main - INFO - 4 changes detected
2025-05-05 08:37:46,250 - watchfiles.main - INFO - 4 changes detected
2025-05-05 08:37:46,250 - watchfiles.main - INFO - 4 changes detected
2025-05-05 08:37:59,070 - watchfiles.main - INFO - 3 changes detected
2025-05-05 08:37:59,106 - watchfiles.main - INFO - 3 changes detected
2025-05-05 08:37:59,106 - watchfiles.main - INFO - 3 changes detected
2025-05-05 08:37:59,106 - watchfiles.main - INFO - 3 changes detected
2025-05-05 08:38:00,162 - watchfiles.main - INFO - 1 change detected
2025-05-05 08:38:00,164 - watchfiles.main - INFO - 1 change detected
2025-05-05 08:38:00,187 - watchfiles.main - INFO - 1 change detected
2025-05-05 08:38:00,190 - watchfiles.main - INFO - 1 change detected
2025-05-05 08:38:00,197 - watchfiles.main - INFO - 1 change detected
2025-05-05 08:38:00,307 - watchfiles.main - INFO - 11 changes detected
2025-05-05 08:38:00,532 - watchfiles.main - INFO - 11 changes detected
2025-05-05 08:38:00,536 - watchfiles.main - INFO - 11 changes detected
2025-05-05 08:38:00,555 - watchfiles.main - INFO - 11 changes detected
2025-05-05 08:38:00,557 - watchfiles.main - INFO - 11 changes detected
2025-05-05 08:38:00,562 - watchfiles.main - INFO - 11 changes detected
2025-05-05 08:38:00,694 - watchfiles.main - INFO - 1 change detected
2025-05-05 08:38:01,823 - watchfiles.main - INFO - 4 changes detected
2025-05-05 08:38:01,841 - watchfiles.main - INFO - 4 changes detected
2025-05-05 08:38:01,857 - watchfiles.main - INFO - 4 changes detected
2025-05-05 08:38:01,868 - watchfiles.main - INFO - 4 changes detected
2025-05-05 08:38:02,189 - watchfiles.main - INFO - 1 change detected
2025-05-05 08:38:02,205 - watchfiles.main - INFO - 1 change detected
2025-05-05 08:38:02,220 - watchfiles.main - INFO - 1 change detected
2025-05-05 08:38:17,089 - watchfiles.main - INFO - 1 change detected
2025-05-05 08:38:17,089 - watchfiles.main - INFO - 1 change detected
2025-05-05 08:38:17,105 - watchfiles.main - INFO - 1 change detected
2025-05-05 08:38:17,118 - watchfiles.main - INFO - 1 change detected
2025-05-05 08:38:17,126 - watchfiles.main - INFO - 1 change detected
2025-05-05 08:38:17,447 - watchfiles.main - INFO - 2 changes detected
2025-05-05 08:38:17,463 - watchfiles.main - INFO - 2 changes detected
2025-05-05 08:38:17,478 - watchfiles.main - INFO - 2 changes detected
2025-05-05 08:38:17,493 - watchfiles.main - INFO - 2 changes detected
2025-05-05 08:38:57,153 - watchfiles.main - INFO - 4 changes detected
2025-05-05 08:38:57,170 - watchfiles.main - INFO - 4 changes detected
2025-05-05 08:38:57,179 - watchfiles.main - INFO - 4 changes detected
2025-05-05 08:38:57,519 - watchfiles.main - INFO - 2 changes detected
2025-05-05 08:38:57,519 - watchfiles.main - INFO - 2 changes detected
2025-05-05 08:38:57,519 - watchfiles.main - INFO - 2 changes detected
2025-05-05 08:38:57,521 - watchfiles.main - INFO - 2 changes detected
2025-05-05 08:38:57,535 - watchfiles.main - INFO - 2 changes detected
2025-05-05 08:38:57,535 - watchfiles.main - INFO - 2 changes detected
2025-05-05 08:38:58,282 - watchfiles.main - INFO - 6 changes detected
2025-05-05 08:38:58,348 - watchfiles.main - INFO - 7 changes detected
2025-05-05 08:38:58,649 - watchfiles.main - INFO - 2 changes detected
2025-05-05 08:38:58,649 - watchfiles.main - INFO - 2 changes detected
2025-05-05 08:38:58,649 - watchfiles.main - INFO - 2 changes detected
2025-05-05 08:38:58,649 - watchfiles.main - INFO - 2 changes detected
2025-05-05 08:39:01,271 - watchfiles.main - INFO - 1 change detected
2025-05-05 08:39:01,273 - watchfiles.main - INFO - 1 change detected
2025-05-05 08:39:01,273 - watchfiles.main - INFO - 1 change detected
2025-05-05 08:39:01,286 - watchfiles.main - INFO - 1 change detected
2025-05-05 08:39:01,637 - watchfiles.main - INFO - 1 change detected
2025-05-05 08:39:01,652 - watchfiles.main - INFO - 1 change detected
2025-05-05 08:39:14,348 - watchfiles.main - INFO - 1 change detected
2025-05-05 08:39:14,383 - watchfiles.main - INFO - 1 change detected
2025-05-05 08:39:14,383 - watchfiles.main - INFO - 1 change detected
2025-05-05 08:39:14,383 - watchfiles.main - INFO - 1 change detected
2025-05-05 08:39:14,383 - watchfiles.main - INFO - 1 change detected
2025-05-05 08:39:15,828 - watchfiles.main - INFO - 1 change detected
2025-05-05 08:39:15,828 - watchfiles.main - INFO - 1 change detected
2025-05-05 08:39:15,836 - watchfiles.main - INFO - 1 change detected
2025-05-05 08:39:15,843 - watchfiles.main - INFO - 1 change detected
2025-05-05 08:39:16,029 - watchfiles.main - INFO - 11 changes detected
2025-05-05 08:39:16,033 - watchfiles.main - INFO - 11 changes detected
2025-05-05 08:39:16,245 - watchfiles.main - INFO - 11 changes detected
2025-05-05 08:39:16,248 - watchfiles.main - INFO - 11 changes detected
2025-05-05 08:39:16,250 - watchfiles.main - INFO - 11 changes detected
2025-05-05 08:39:16,432 - watchfiles.main - INFO - 1 change detected
2025-05-05 08:39:16,437 - watchfiles.main - INFO - 1 change detected
2025-05-05 08:39:16,725 - watchfiles.main - INFO - 4 changes detected
2025-05-05 08:39:16,725 - watchfiles.main - INFO - 4 changes detected
2025-05-05 08:39:16,725 - watchfiles.main - INFO - 4 changes detected
2025-05-05 08:39:16,725 - watchfiles.main - INFO - 4 changes detected
2025-05-05 08:39:16,812 - watchfiles.main - INFO - 8 changes detected
2025-05-05 08:39:16,812 - watchfiles.main - INFO - 8 changes detected
2025-05-05 08:39:17,437 - watchfiles.main - INFO - 4 changes detected
2025-05-05 08:39:17,474 - watchfiles.main - INFO - 4 changes detected
2025-05-05 08:39:17,491 - watchfiles.main - INFO - 4 changes detected
2025-05-05 08:39:17,721 - watchfiles.main - INFO - 1 change detected
2025-05-05 08:39:17,809 - watchfiles.main - INFO - 1 change detected
2025-05-05 08:39:17,849 - watchfiles.main - INFO - 1 change detected
2025-05-05 08:39:17,867 - watchfiles.main - INFO - 1 change detected
2025-05-05 08:39:18,006 - watchfiles.main - INFO - 5 changes detected
2025-05-05 08:39:18,086 - watchfiles.main - INFO - 1 change detected
2025-05-05 08:39:18,216 - watchfiles.main - INFO - 2 changes detected
2025-05-05 08:39:18,254 - watchfiles.main - INFO - 2 changes detected
2025-05-05 08:39:18,342 - watchfiles.main - INFO - 3 changes detected
2025-05-05 08:39:18,461 - watchfiles.main - INFO - 5 changes detected
2025-05-05 08:39:18,461 - watchfiles.main - INFO - 5 changes detected
2025-05-05 08:39:18,599 - watchfiles.main - INFO - 7 changes detected
2025-05-05 08:39:18,628 - watchfiles.main - INFO - 7 changes detected
2025-05-05 08:39:18,713 - watchfiles.main - INFO - 7 changes detected
2025-05-05 08:39:18,824 - watchfiles.main - INFO - 5 changes detected
2025-05-05 08:39:18,824 - watchfiles.main - INFO - 5 changes detected
2025-05-05 08:39:18,991 - watchfiles.main - INFO - 6 changes detected
2025-05-05 08:39:19,009 - watchfiles.main - INFO - 6 changes detected
2025-05-05 08:39:19,078 - watchfiles.main - INFO - 6 changes detected
2025-05-05 08:39:19,187 - watchfiles.main - INFO - 6 changes detected
2025-05-05 08:39:19,188 - watchfiles.main - INFO - 6 changes detected
2025-05-05 08:39:20,382 - watchfiles.main - INFO - 4 changes detected
2025-05-05 08:39:20,392 - watchfiles.main - INFO - 4 changes detected
2025-05-05 08:39:20,411 - watchfiles.main - INFO - 4 changes detected
2025-05-05 08:39:20,419 - watchfiles.main - INFO - 4 changes detected
2025-05-05 08:39:20,743 - watchfiles.main - INFO - 1 change detected
2025-05-05 08:39:20,757 - watchfiles.main - INFO - 1 change detected
2025-05-05 08:39:20,773 - watchfiles.main - INFO - 1 change detected
2025-05-05 08:39:21,896 - run_tikhub_api - INFO - 启动 TikHub API V2服务...
2025-05-05 08:39:21,896 - run_tikhub_api - INFO - 已检测到配置文件
2025-05-05 08:39:21,958 - watchfiles.main - INFO - 1 change detected
2025-05-05 08:39:21,958 - watchfiles.main - INFO - 1 change detected
2025-05-05 08:39:21,961 - watchfiles.main - INFO - 1 change detected
2025-05-05 08:39:21,976 - watchfiles.main - INFO - 1 change detected
2025-05-05 08:39:22,342 - watchfiles.main - INFO - 4 changes detected
2025-05-05 08:39:22,368 - watchfiles.main - INFO - 5 changes detected
2025-05-05 08:39:22,368 - watchfiles.main - INFO - 5 changes detected
2025-05-05 08:39:22,368 - watchfiles.main - INFO - 5 changes detected
2025-05-05 08:39:22,369 - watchfiles.main - INFO - 5 changes detected
2025-05-05 08:39:22,383 - watchfiles.main - INFO - 5 changes detected
2025-05-05 08:39:23,593 - watchfiles.main - INFO - 1 change detected
2025-05-05 08:39:23,593 - watchfiles.main - INFO - 1 change detected
2025-05-05 08:39:23,593 - watchfiles.main - INFO - 1 change detected
2025-05-05 08:39:23,614 - watchfiles.main - INFO - 1 change detected
2025-05-05 08:39:23,946 - watchfiles.main - INFO - 1 change detected
2025-05-05 08:39:23,946 - watchfiles.main - INFO - 1 change detected
2025-05-05 08:39:23,978 - watchfiles.main - INFO - 1 change detected
2025-05-05 08:39:25,312 - watchfiles.main - INFO - 4 changes detected
2025-05-05 08:39:25,313 - watchfiles.main - INFO - 4 changes detected
2025-05-05 08:39:25,313 - watchfiles.main - INFO - 4 changes detected
2025-05-05 08:39:25,313 - watchfiles.main - INFO - 4 changes detected
2025-05-05 08:39:25,342 - watchfiles.main - INFO - 4 changes detected
2025-05-05 08:39:26,360 - watchfiles.main - INFO - 5 changes detected
2025-05-05 08:39:26,378 - watchfiles.main - INFO - 5 changes detected
2025-05-05 08:39:26,378 - watchfiles.main - INFO - 5 changes detected
2025-05-05 08:39:26,379 - watchfiles.main - INFO - 5 changes detected
2025-05-05 08:39:26,379 - watchfiles.main - INFO - 5 changes detected
2025-05-05 08:39:26,380 - watchfiles.main - INFO - 5 changes detected
2025-05-05 08:39:26,716 - watchfiles.main - INFO - 2 changes detected
2025-05-05 08:39:26,746 - watchfiles.main - INFO - 2 changes detected
2025-05-05 08:39:26,746 - watchfiles.main - INFO - 2 changes detected
2025-05-05 08:39:26,746 - watchfiles.main - INFO - 2 changes detected
2025-05-05 08:39:26,746 - watchfiles.main - INFO - 2 changes detected
2025-05-05 08:39:26,746 - watchfiles.main - INFO - 2 changes detected
2025-05-05 08:39:29,630 - watchfiles.main - INFO - 1 change detected
2025-05-05 08:39:29,630 - watchfiles.main - INFO - 1 change detected
2025-05-05 08:39:29,630 - watchfiles.main - INFO - 1 change detected
2025-05-05 08:39:29,630 - watchfiles.main - INFO - 1 change detected
2025-05-05 08:39:29,630 - watchfiles.main - INFO - 1 change detected
2025-05-05 08:39:29,649 - watchfiles.main - INFO - 1 change detected
2025-05-05 08:39:29,996 - watchfiles.main - INFO - 1 change detected
2025-05-05 08:39:29,996 - watchfiles.main - INFO - 1 change detected
2025-05-05 08:39:29,996 - watchfiles.main - INFO - 1 change detected
2025-05-05 08:39:30,012 - watchfiles.main - INFO - 1 change detected
2025-05-05 08:39:41,977 - watchfiles.main - INFO - 1 change detected
2025-05-05 08:39:41,977 - watchfiles.main - INFO - 1 change detected
2025-05-05 08:39:41,977 - watchfiles.main - INFO - 1 change detected
2025-05-05 08:39:42,328 - watchfiles.main - INFO - 1 change detected
2025-05-05 08:39:42,328 - watchfiles.main - INFO - 1 change detected
2025-05-05 08:39:42,328 - watchfiles.main - INFO - 1 change detected
2025-05-05 08:39:42,328 - watchfiles.main - INFO - 1 change detected
2025-05-05 08:39:50,336 - watchfiles.main - INFO - 3 changes detected
2025-05-05 08:39:50,336 - watchfiles.main - INFO - 3 changes detected
2025-05-05 08:39:50,336 - watchfiles.main - INFO - 3 changes detected
2025-05-05 08:39:51,293 - watchfiles.main - INFO - 1 change detected
2025-05-05 08:39:51,464 - watchfiles.main - INFO - 11 changes detected
2025-05-05 08:39:51,486 - watchfiles.main - INFO - 11 changes detected
2025-05-05 08:39:51,492 - watchfiles.main - INFO - 11 changes detected
2025-05-05 08:39:51,493 - watchfiles.main - INFO - 11 changes detected
2025-05-05 08:39:51,665 - watchfiles.main - INFO - 11 changes detected
2025-05-05 08:39:51,834 - watchfiles.main - INFO - 1 change detected
2025-05-05 08:39:51,873 - watchfiles.main - INFO - 1 change detected
2025-05-05 08:39:51,873 - watchfiles.main - INFO - 1 change detected
2025-05-05 08:39:51,888 - watchfiles.main - INFO - 1 change detected
2025-05-05 08:39:52,049 - watchfiles.main - INFO - 1 change detected
2025-05-05 08:39:52,203 - watchfiles.main - INFO - 5 changes detected
2025-05-05 08:39:52,249 - watchfiles.main - INFO - 5 changes detected
2025-05-05 08:39:52,253 - watchfiles.main - INFO - 5 changes detected
2025-05-05 08:39:52,254 - watchfiles.main - INFO - 5 changes detected
2025-05-05 08:39:52,443 - watchfiles.main - INFO - 5 changes detected
2025-05-05 08:39:52,594 - watchfiles.main - INFO - 1 change detected
2025-05-05 08:39:52,726 - watchfiles.main - INFO - 6 changes detected
2025-05-05 08:39:52,727 - watchfiles.main - INFO - 6 changes detected
2025-05-05 08:39:52,815 - watchfiles.main - INFO - 6 changes detected
2025-05-05 08:39:52,967 - watchfiles.main - INFO - 6 changes detected
2025-05-05 08:39:53,091 - watchfiles.main - INFO - 1 change detected
2025-05-05 08:39:53,091 - watchfiles.main - INFO - 1 change detected
2025-05-05 08:39:53,091 - watchfiles.main - INFO - 1 change detected
2025-05-05 08:39:53,167 - watchfiles.main - INFO - 1 change detected
2025-05-05 08:39:53,325 - watchfiles.main - INFO - 1 change detected
2025-05-05 08:39:53,447 - watchfiles.main - INFO - 1 change detected
2025-05-05 08:39:53,447 - watchfiles.main - INFO - 1 change detected
2025-05-05 08:39:53,523 - watchfiles.main - INFO - 1 change detected
2025-05-05 08:39:53,679 - watchfiles.main - INFO - 1 change detected
2025-05-05 08:39:53,800 - watchfiles.main - INFO - 1 change detected
2025-05-05 08:39:53,929 - watchfiles.main - INFO - 7 changes detected
2025-05-05 08:39:54,031 - watchfiles.main - INFO - 7 changes detected
2025-05-05 08:39:54,154 - watchfiles.main - INFO - 7 changes detected
2025-05-05 08:39:54,292 - watchfiles.main - INFO - 1 change detected
2025-05-05 08:39:54,385 - watchfiles.main - INFO - 1 change detected
2025-05-05 08:39:54,508 - watchfiles.main - INFO - 1 change detected
2025-05-05 08:39:54,508 - watchfiles.main - INFO - 1 change detected
2025-05-05 08:39:54,648 - watchfiles.main - INFO - 1 change detected
2025-05-05 08:39:54,712 - run_tikhub_api - INFO - 启动 TikHub API V2服务...
2025-05-05 08:39:54,712 - run_tikhub_api - INFO - 已检测到配置文件
2025-05-05 08:39:54,740 - watchfiles.main - INFO - 1 change detected
2025-05-05 08:39:54,863 - watchfiles.main - INFO - 1 change detected
2025-05-05 08:39:55,002 - watchfiles.main - INFO - 1 change detected
2025-05-05 08:39:55,094 - watchfiles.main - INFO - 5 changes detected
2025-05-05 08:39:55,101 - watchfiles.main - INFO - 4 changes detected
2025-05-05 08:39:55,222 - watchfiles.main - INFO - 5 changes detected
2025-05-05 08:39:55,222 - watchfiles.main - INFO - 5 changes detected
2025-05-05 08:39:55,356 - watchfiles.main - INFO - 5 changes detected
2025-05-05 08:39:55,451 - watchfiles.main - INFO - 1 change detected
2025-05-05 08:39:55,465 - watchfiles.main - INFO - 1 change detected
2025-05-05 08:39:55,574 - watchfiles.main - INFO - 1 change detected
2025-05-05 08:39:55,574 - watchfiles.main - INFO - 1 change detected
2025-05-05 08:39:55,574 - watchfiles.main - INFO - 1 change detected
2025-05-05 08:39:55,712 - watchfiles.main - INFO - 1 change detected
2025-05-05 08:39:55,804 - watchfiles.main - INFO - 1 change detected
2025-05-05 08:39:55,819 - watchfiles.main - INFO - 1 change detected
2025-05-05 08:39:55,926 - watchfiles.main - INFO - 1 change detected
2025-05-05 08:39:56,065 - watchfiles.main - INFO - 1 change detected
2025-05-05 08:39:56,157 - watchfiles.main - INFO - 1 change detected
2025-05-05 08:39:56,173 - watchfiles.main - INFO - 1 change detected
2025-05-05 08:39:56,282 - watchfiles.main - INFO - 1 change detected
2025-05-05 08:39:56,282 - watchfiles.main - INFO - 1 change detected
2025-05-05 08:39:56,419 - watchfiles.main - INFO - 1 change detected
2025-05-05 08:39:56,513 - watchfiles.main - INFO - 1 change detected
2025-05-05 08:39:56,527 - watchfiles.main - INFO - 1 change detected
2025-05-05 08:39:56,636 - watchfiles.main - INFO - 1 change detected
2025-05-05 08:39:56,826 - watchfiles.main - INFO - 2 changes detected
2025-05-05 08:39:56,921 - watchfiles.main - INFO - 3 changes detected
2025-05-05 08:39:56,935 - watchfiles.main - INFO - 3 changes detected
2025-05-05 08:39:56,994 - watchfiles.main - INFO - 3 changes detected
2025-05-05 08:39:57,178 - watchfiles.main - INFO - 2 changes detected
2025-05-05 08:39:57,291 - watchfiles.main - INFO - 1 change detected
2025-05-05 08:39:57,303 - watchfiles.main - INFO - 1 change detected
2025-05-05 08:39:57,350 - watchfiles.main - INFO - 1 change detected
2025-05-05 08:39:57,350 - watchfiles.main - INFO - 1 change detected
2025-05-05 08:39:57,350 - watchfiles.main - INFO - 1 change detected
2025-05-05 08:39:57,536 - watchfiles.main - INFO - 1 change detected
2025-05-05 08:39:57,657 - watchfiles.main - INFO - 1 change detected
2025-05-05 08:39:57,657 - watchfiles.main - INFO - 1 change detected
2025-05-05 08:39:57,702 - watchfiles.main - INFO - 1 change detected
2025-05-05 08:39:57,702 - watchfiles.main - INFO - 1 change detected
2025-05-05 08:39:57,901 - watchfiles.main - INFO - 1 change detected
2025-05-05 08:39:58,023 - watchfiles.main - INFO - 1 change detected
2025-05-05 08:39:58,023 - watchfiles.main - INFO - 1 change detected
2025-05-05 08:39:58,054 - watchfiles.main - INFO - 1 change detected
2025-05-05 08:39:58,055 - watchfiles.main - INFO - 1 change detected
2025-05-05 08:39:58,305 - watchfiles.main - INFO - 4 changes detected
2025-05-05 08:39:58,379 - watchfiles.main - INFO - 4 changes detected
2025-05-05 08:39:58,379 - watchfiles.main - INFO - 4 changes detected
2025-05-05 08:39:58,409 - watchfiles.main - INFO - 4 changes detected
2025-05-05 08:39:58,410 - watchfiles.main - INFO - 4 changes detected
2025-05-05 08:39:58,410 - watchfiles.main - INFO - 4 changes detected
2025-05-05 08:39:59,427 - watchfiles.main - INFO - 5 changes detected
2025-05-05 08:39:59,433 - watchfiles.main - INFO - 5 changes detected
2025-05-05 08:39:59,434 - watchfiles.main - INFO - 5 changes detected
2025-05-05 08:39:59,435 - watchfiles.main - INFO - 5 changes detected
2025-05-05 08:39:59,439 - watchfiles.main - INFO - 5 changes detected
2025-05-05 08:39:59,455 - watchfiles.main - INFO - 5 changes detected
2025-05-05 08:39:59,917 - watchfiles.main - INFO - 1 change detected
2025-05-05 08:39:59,937 - watchfiles.main - INFO - 1 change detected
2025-05-05 08:39:59,953 - watchfiles.main - INFO - 1 change detected
2025-05-05 08:39:59,953 - watchfiles.main - INFO - 1 change detected
2025-05-05 08:40:00,280 - watchfiles.main - INFO - 1 change detected
2025-05-05 08:40:00,296 - watchfiles.main - INFO - 1 change detected
2025-05-05 08:40:00,311 - watchfiles.main - INFO - 1 change detected
2025-05-05 08:40:00,311 - watchfiles.main - INFO - 1 change detected
2025-05-05 08:40:02,949 - watchfiles.main - INFO - 1 change detected
2025-05-05 08:40:02,949 - watchfiles.main - INFO - 1 change detected
2025-05-05 08:40:02,949 - watchfiles.main - INFO - 1 change detected
2025-05-05 08:40:02,969 - watchfiles.main - INFO - 1 change detected
2025-05-05 08:40:03,030 - watchfiles.main - INFO - 2 changes detected
2025-05-05 08:40:03,302 - watchfiles.main - INFO - 1 change detected
2025-05-05 08:40:03,302 - watchfiles.main - INFO - 1 change detected
2025-05-05 08:40:03,302 - watchfiles.main - INFO - 1 change detected
2025-05-05 08:40:03,333 - watchfiles.main - INFO - 1 change detected
2025-05-05 08:40:11,368 - watchfiles.main - INFO - 1 change detected
2025-05-05 08:40:11,376 - watchfiles.main - INFO - 1 change detected
2025-05-05 08:40:11,383 - watchfiles.main - INFO - 1 change detected
2025-05-05 08:40:11,384 - watchfiles.main - INFO - 1 change detected
2025-05-05 08:40:11,732 - watchfiles.main - INFO - 1 change detected
2025-05-05 08:40:11,732 - watchfiles.main - INFO - 1 change detected
2025-05-05 08:40:11,732 - watchfiles.main - INFO - 1 change detected
2025-05-05 08:40:11,748 - watchfiles.main - INFO - 1 change detected
2025-05-05 08:40:11,748 - watchfiles.main - INFO - 1 change detected
2025-05-05 08:40:17,347 - watchfiles.main - INFO - 1 change detected
2025-05-05 08:40:17,362 - watchfiles.main - INFO - 1 change detected
2025-05-05 08:40:17,363 - watchfiles.main - INFO - 1 change detected
2025-05-05 08:40:18,965 - watchfiles.main - INFO - 1 change detected
2025-05-05 08:40:18,986 - watchfiles.main - INFO - 1 change detected
2025-05-05 08:40:19,329 - watchfiles.main - INFO - 1 change detected
2025-05-05 08:40:19,345 - watchfiles.main - INFO - 1 change detected
2025-05-05 08:41:26,606 - watchfiles.main - INFO - 1 change detected
2025-05-05 08:41:26,606 - watchfiles.main - INFO - 1 change detected
2025-05-05 08:41:26,607 - watchfiles.main - INFO - 1 change detected
2025-05-05 08:41:26,618 - watchfiles.main - INFO - 1 change detected
2025-05-05 08:41:27,960 - watchfiles.main - INFO - 1 change detected
2025-05-05 08:41:27,976 - watchfiles.main - INFO - 1 change detected
2025-05-05 08:41:27,973 - watchfiles.main - INFO - 1 change detected
2025-05-05 08:41:27,984 - watchfiles.main - INFO - 1 change detected
2025-05-05 08:41:27,985 - watchfiles.main - INFO - 1 change detected
2025-05-05 08:41:28,399 - watchfiles.main - INFO - 7 changes detected
2025-05-05 08:41:28,399 - watchfiles.main - INFO - 7 changes detected
2025-05-05 08:41:28,399 - watchfiles.main - INFO - 7 changes detected
2025-05-05 08:41:28,403 - watchfiles.main - INFO - 7 changes detected
2025-05-05 08:41:28,403 - watchfiles.main - INFO - 7 changes detected
2025-05-05 08:41:28,843 - watchfiles.main - INFO - 8 changes detected
2025-05-05 08:41:28,842 - watchfiles.main - INFO - 8 changes detected
2025-05-05 08:41:28,843 - watchfiles.main - INFO - 8 changes detected
2025-05-05 08:41:28,844 - watchfiles.main - INFO - 8 changes detected
2025-05-05 08:41:28,844 - watchfiles.main - INFO - 8 changes detected
2025-05-05 08:41:29,335 - watchfiles.main - INFO - 4 changes detected
2025-05-05 08:41:29,340 - watchfiles.main - INFO - 4 changes detected
2025-05-05 08:41:29,340 - watchfiles.main - INFO - 4 changes detected
2025-05-05 08:41:29,342 - watchfiles.main - INFO - 4 changes detected
2025-05-05 08:41:29,342 - watchfiles.main - INFO - 4 changes detected
2025-05-05 08:41:30,281 - watchfiles.main - INFO - 7 changes detected
2025-05-05 08:41:30,773 - watchfiles.main - INFO - 1 change detected
2025-05-05 08:41:30,980 - watchfiles.main - INFO - 7 changes detected
2025-05-05 08:41:31,133 - watchfiles.main - INFO - 1 change detected
2025-05-05 08:41:31,161 - watchfiles.main - INFO - 7 changes detected
2025-05-05 08:41:31,175 - watchfiles.main - INFO - 7 changes detected
2025-05-05 08:41:31,265 - watchfiles.main - INFO - 7 changes detected
2025-05-05 08:41:31,528 - watchfiles.main - INFO - 1 change detected
2025-05-05 08:41:31,843 - watchfiles.main - INFO - 1 change detected
2025-05-05 08:41:31,887 - watchfiles.main - INFO - 1 change detected
2025-05-05 08:41:31,963 - watchfiles.main - INFO - 1 change detected
2025-05-05 08:41:31,964 - watchfiles.main - INFO - 1 change detected
2025-05-05 08:41:32,261 - watchfiles.main - INFO - 1 change detected
2025-05-05 08:41:32,297 - watchfiles.main - INFO - 1 change detected
2025-05-05 08:41:32,373 - watchfiles.main - INFO - 1 change detected
2025-05-05 08:41:32,373 - watchfiles.main - INFO - 1 change detected
2025-05-05 08:41:32,390 - watchfiles.main - INFO - 1 change detected
2025-05-05 08:41:32,639 - watchfiles.main - INFO - 1 change detected
2025-05-05 08:41:32,669 - watchfiles.main - INFO - 1 change detected
2025-05-05 08:41:32,747 - watchfiles.main - INFO - 1 change detected
2025-05-05 08:41:32,747 - watchfiles.main - INFO - 1 change detected
2025-05-05 08:41:32,769 - watchfiles.main - INFO - 1 change detected
2025-05-05 08:41:33,008 - watchfiles.main - INFO - 1 change detected
2025-05-05 08:41:33,087 - watchfiles.main - INFO - 6 changes detected
2025-05-05 08:41:33,114 - watchfiles.main - INFO - 6 changes detected
2025-05-05 08:41:33,114 - watchfiles.main - INFO - 6 changes detected
2025-05-05 08:41:33,129 - watchfiles.main - INFO - 6 changes detected
2025-05-05 08:41:33,374 - watchfiles.main - INFO - 9 changes detected
2025-05-05 08:41:33,452 - watchfiles.main - INFO - 5 changes detected
2025-05-05 08:41:33,467 - watchfiles.main - INFO - 5 changes detected
2025-05-05 08:41:33,467 - watchfiles.main - INFO - 5 changes detected
2025-05-05 08:41:33,498 - watchfiles.main - INFO - 5 changes detected
2025-05-05 08:41:35,724 - watchfiles.main - INFO - 1 change detected
2025-05-05 08:41:35,728 - watchfiles.main - INFO - 1 change detected
2025-05-05 08:41:35,743 - watchfiles.main - INFO - 1 change detected
2025-05-05 08:41:35,752 - watchfiles.main - INFO - 1 change detected
2025-05-05 08:41:36,086 - watchfiles.main - INFO - 1 change detected
2025-05-05 08:41:36,102 - watchfiles.main - INFO - 1 change detected
2025-05-05 08:41:36,117 - watchfiles.main - INFO - 1 change detected
2025-05-05 08:42:15,301 - watchfiles.main - INFO - 1 change detected
2025-05-05 08:42:15,335 - watchfiles.main - INFO - 1 change detected
2025-05-05 08:42:15,364 - watchfiles.main - INFO - 1 change detected
2025-05-05 08:42:16,295 - watchfiles.main - INFO - 5 changes detected
2025-05-05 08:42:16,304 - watchfiles.main - INFO - 5 changes detected
2025-05-05 08:42:16,312 - watchfiles.main - INFO - 5 changes detected
2025-05-05 08:42:16,313 - watchfiles.main - INFO - 5 changes detected
2025-05-05 08:42:16,313 - watchfiles.main - INFO - 5 changes detected
2025-05-05 08:42:16,672 - watchfiles.main - INFO - 8 changes detected
2025-05-05 08:42:16,676 - watchfiles.main - INFO - 8 changes detected
2025-05-05 08:42:16,703 - watchfiles.main - INFO - 8 changes detected
2025-05-05 08:42:16,703 - watchfiles.main - INFO - 8 changes detected
2025-05-05 08:42:16,703 - watchfiles.main - INFO - 8 changes detected
2025-05-05 08:42:17,070 - watchfiles.main - INFO - 5 changes detected
2025-05-05 08:42:17,088 - watchfiles.main - INFO - 5 changes detected
2025-05-05 08:42:17,116 - watchfiles.main - INFO - 5 changes detected
2025-05-05 08:42:17,116 - watchfiles.main - INFO - 5 changes detected
2025-05-05 08:42:17,116 - watchfiles.main - INFO - 5 changes detected
2025-05-05 08:42:17,489 - watchfiles.main - INFO - 5 changes detected
2025-05-05 08:42:17,493 - watchfiles.main - INFO - 5 changes detected
2025-05-05 08:42:17,501 - watchfiles.main - INFO - 5 changes detected
2025-05-05 08:42:17,501 - watchfiles.main - INFO - 5 changes detected
2025-05-05 08:42:17,905 - watchfiles.main - INFO - 4 changes detected
2025-05-05 08:42:17,919 - watchfiles.main - INFO - 4 changes detected
2025-05-05 08:42:17,919 - watchfiles.main - INFO - 4 changes detected
2025-05-05 08:42:17,919 - watchfiles.main - INFO - 4 changes detected
2025-05-05 08:42:18,918 - watchfiles.main - INFO - 1 change detected
2025-05-05 08:42:18,918 - watchfiles.main - INFO - 1 change detected
2025-05-05 08:42:18,930 - watchfiles.main - INFO - 1 change detected
2025-05-05 08:42:18,930 - watchfiles.main - INFO - 1 change detected
2025-05-05 08:42:18,935 - watchfiles.main - INFO - 1 change detected
2025-05-05 08:42:19,274 - watchfiles.main - INFO - 1 change detected
2025-05-05 08:42:19,276 - watchfiles.main - INFO - 1 change detected
2025-05-05 08:42:19,291 - watchfiles.main - INFO - 1 change detected
2025-05-05 08:42:19,292 - watchfiles.main - INFO - 1 change detected
2025-05-05 08:42:19,308 - watchfiles.main - INFO - 1 change detected
2025-05-05 08:42:20,189 - watchfiles.main - INFO - 1 change detected
2025-05-05 08:42:20,189 - watchfiles.main - INFO - 1 change detected
2025-05-05 08:42:20,204 - watchfiles.main - INFO - 1 change detected
2025-05-05 08:42:20,218 - watchfiles.main - INFO - 1 change detected
2025-05-05 08:42:20,222 - watchfiles.main - INFO - 1 change detected
2025-05-05 08:42:20,635 - watchfiles.main - INFO - 6 changes detected
2025-05-05 08:42:20,655 - watchfiles.main - INFO - 6 changes detected
2025-05-05 08:42:20,670 - watchfiles.main - INFO - 6 changes detected
2025-05-05 08:42:21,001 - watchfiles.main - INFO - 1 change detected
2025-05-05 08:42:21,016 - watchfiles.main - INFO - 1 change detected
2025-05-05 08:42:21,031 - watchfiles.main - INFO - 1 change detected
2025-05-05 08:42:58,000 - watchfiles.main - INFO - 1 change detected
2025-05-05 08:42:58,000 - watchfiles.main - INFO - 1 change detected
2025-05-05 08:42:58,000 - watchfiles.main - INFO - 1 change detected
2025-05-05 08:42:58,000 - watchfiles.main - INFO - 1 change detected
2025-05-05 08:42:58,000 - watchfiles.main - INFO - 1 change detected
2025-05-05 08:42:59,239 - watchfiles.main - INFO - 1 change detected
2025-05-05 08:42:59,244 - watchfiles.main - INFO - 1 change detected
2025-05-05 08:42:59,358 - watchfiles.main - INFO - 8 changes detected
2025-05-05 08:42:59,358 - watchfiles.main - INFO - 8 changes detected
2025-05-05 08:42:59,359 - watchfiles.main - INFO - 8 changes detected
2025-05-05 08:42:59,625 - watchfiles.main - INFO - 11 changes detected
2025-05-05 08:42:59,625 - watchfiles.main - INFO - 11 changes detected
2025-05-05 08:42:59,782 - watchfiles.main - INFO - 5 changes detected
2025-05-05 08:42:59,786 - watchfiles.main - INFO - 5 changes detected
2025-05-05 08:42:59,786 - watchfiles.main - INFO - 5 changes detected
2025-05-05 08:43:00,389 - watchfiles.main - INFO - 7 changes detected
2025-05-05 08:43:00,389 - watchfiles.main - INFO - 7 changes detected
2025-05-05 08:43:00,413 - watchfiles.main - INFO - 7 changes detected
2025-05-05 08:43:00,413 - watchfiles.main - INFO - 7 changes detected
2025-05-05 08:43:01,166 - watchfiles.main - INFO - 2 changes detected
2025-05-05 08:43:01,311 - watchfiles.main - INFO - 2 changes detected
2025-05-05 08:43:01,373 - watchfiles.main - INFO - 2 changes detected
2025-05-05 08:43:01,619 - watchfiles.main - INFO - 2 changes detected
2025-05-05 08:43:01,955 - watchfiles.main - INFO - 4 changes detected
2025-05-05 08:43:01,965 - watchfiles.main - INFO - 4 changes detected
2025-05-05 08:43:02,145 - watchfiles.main - INFO - 11 changes detected
2025-05-05 08:43:02,161 - watchfiles.main - INFO - 11 changes detected
2025-05-05 08:43:02,325 - watchfiles.main - INFO - 11 changes detected
2025-05-05 08:43:02,326 - watchfiles.main - INFO - 11 changes detected
2025-05-05 08:43:02,510 - watchfiles.main - INFO - 5 changes detected
2025-05-05 08:43:02,533 - watchfiles.main - INFO - 5 changes detected
2025-05-05 08:43:02,715 - watchfiles.main - INFO - 1 change detected
2025-05-05 08:43:02,715 - watchfiles.main - INFO - 1 change detected
2025-05-05 08:43:02,890 - watchfiles.main - INFO - 1 change detected
2025-05-05 08:43:02,907 - watchfiles.main - INFO - 1 change detected
2025-05-05 08:43:03,083 - watchfiles.main - INFO - 1 change detected
2025-05-05 08:43:03,082 - watchfiles.main - INFO - 1 change detected
2025-05-05 08:43:03,255 - watchfiles.main - INFO - 6 changes detected
2025-05-05 08:43:03,266 - watchfiles.main - INFO - 6 changes detected
2025-05-05 08:43:03,445 - watchfiles.main - INFO - 6 changes detected
2025-05-05 08:43:03,446 - watchfiles.main - INFO - 6 changes detected
2025-05-05 08:43:03,614 - watchfiles.main - INFO - 1 change detected
2025-05-05 08:43:03,630 - watchfiles.main - INFO - 1 change detected
2025-05-05 08:43:03,798 - watchfiles.main - INFO - 1 change detected
2025-05-05 08:43:03,966 - watchfiles.main - INFO - 1 change detected
2025-05-05 08:43:03,996 - watchfiles.main - INFO - 1 change detected
2025-05-05 08:43:04,150 - watchfiles.main - INFO - 1 change detected
2025-05-05 08:43:04,150 - watchfiles.main - INFO - 1 change detected
2025-05-05 08:43:04,319 - watchfiles.main - INFO - 7 changes detected
2025-05-05 08:43:04,350 - watchfiles.main - INFO - 7 changes detected
2025-05-05 08:43:04,503 - watchfiles.main - INFO - 7 changes detected
2025-05-05 08:43:04,672 - watchfiles.main - INFO - 2 changes detected
2025-05-05 08:43:04,702 - watchfiles.main - INFO - 1 change detected
2025-05-05 08:43:35,371 - watchfiles.main - INFO - 1 change detected
2025-05-05 08:43:37,363 - watchfiles.main - INFO - 4 changes detected
2025-05-05 08:43:37,363 - watchfiles.main - INFO - 4 changes detected
2025-05-05 08:44:06,963 - watchfiles.main - INFO - 1 change detected
2025-05-05 08:44:07,006 - watchfiles.main - INFO - 1 change detected
2025-05-05 08:44:07,007 - watchfiles.main - INFO - 1 change detected
2025-05-05 08:44:07,006 - watchfiles.main - INFO - 1 change detected
2025-05-05 08:44:07,980 - watchfiles.main - INFO - 5 changes detected
2025-05-05 08:44:08,004 - watchfiles.main - INFO - 5 changes detected
2025-05-05 08:44:08,004 - watchfiles.main - INFO - 5 changes detected
2025-05-05 08:44:08,025 - watchfiles.main - INFO - 5 changes detected
2025-05-05 08:44:08,357 - watchfiles.main - INFO - 8 changes detected
2025-05-05 08:44:08,374 - watchfiles.main - INFO - 8 changes detected
2025-05-05 08:44:08,374 - watchfiles.main - INFO - 8 changes detected
2025-05-05 08:44:08,408 - watchfiles.main - INFO - 8 changes detected
2025-05-05 08:44:08,945 - watchfiles.main - INFO - 4 changes detected
2025-05-05 08:44:08,950 - watchfiles.main - INFO - 4 changes detected
2025-05-05 08:44:08,951 - watchfiles.main - INFO - 4 changes detected
2025-05-05 08:44:08,951 - watchfiles.main - INFO - 4 changes detected
2025-05-05 08:44:09,319 - watchfiles.main - INFO - 8 changes detected
2025-05-05 08:44:09,372 - watchfiles.main - INFO - 9 changes detected
2025-05-05 08:44:09,372 - watchfiles.main - INFO - 9 changes detected
2025-05-05 08:44:09,404 - watchfiles.main - INFO - 9 changes detected
2025-05-05 08:44:10,102 - watchfiles.main - INFO - 3 changes detected
2025-05-05 08:44:10,116 - watchfiles.main - INFO - 1 change detected
2025-05-05 08:44:10,152 - watchfiles.main - INFO - 1 change detected
2025-05-05 08:44:10,154 - watchfiles.main - INFO - 1 change detected
2025-05-05 08:44:10,495 - watchfiles.main - INFO - 1 change detected
2025-05-05 08:44:10,518 - watchfiles.main - INFO - 1 change detected
2025-05-05 08:44:10,520 - watchfiles.main - INFO - 1 change detected
2025-05-05 08:44:10,625 - watchfiles.main - INFO - 1 change detected
2025-05-05 08:44:10,908 - watchfiles.main - INFO - 7 changes detected
2025-05-05 08:44:10,987 - watchfiles.main - INFO - 10 changes detected
2025-05-05 08:44:10,988 - watchfiles.main - INFO - 10 changes detected
2025-05-05 08:44:11,003 - watchfiles.main - INFO - 10 changes detected
2025-05-05 08:44:11,267 - watchfiles.main - INFO - 5 changes detected
2025-05-05 08:44:11,346 - watchfiles.main - INFO - 1 change detected
2025-05-05 08:44:11,359 - watchfiles.main - INFO - 1 change detected
2025-05-05 08:44:11,360 - watchfiles.main - INFO - 1 change detected
2025-05-05 08:44:11,685 - watchfiles.main - INFO - 4 changes detected
2025-05-05 08:44:11,712 - watchfiles.main - INFO - 4 changes detected
2025-05-05 08:44:11,727 - watchfiles.main - INFO - 4 changes detected
2025-05-05 08:44:12,037 - watchfiles.main - INFO - 5 changes detected
2025-05-05 08:44:12,068 - watchfiles.main - INFO - 5 changes detected
2025-05-05 08:44:12,068 - watchfiles.main - INFO - 5 changes detected
2025-05-05 08:44:12,084 - watchfiles.main - INFO - 5 changes detected
2025-05-05 08:44:12,946 - watchfiles.main - INFO - 4 changes detected
2025-05-05 08:44:12,953 - watchfiles.main - INFO - 4 changes detected
2025-05-05 08:44:12,979 - watchfiles.main - INFO - 4 changes detected
2025-05-05 08:44:12,979 - watchfiles.main - INFO - 4 changes detected
2025-05-05 08:44:19,478 - run_tikhub_api - INFO - 启动 TikHub API V2服务...
2025-05-05 08:44:19,478 - run_tikhub_api - INFO - 已检测到配置文件
2025-05-05 08:44:19,541 - watchfiles.main - INFO - 1 change detected
2025-05-05 08:44:19,541 - watchfiles.main - INFO - 1 change detected
2025-05-05 08:44:19,541 - watchfiles.main - INFO - 1 change detected
2025-05-05 08:44:19,541 - watchfiles.main - INFO - 1 change detected
2025-05-05 08:44:19,857 - watchfiles.main - INFO - 4 changes detected
2025-05-05 08:44:19,904 - watchfiles.main - INFO - 5 changes detected
2025-05-05 08:44:19,904 - watchfiles.main - INFO - 5 changes detected
2025-05-05 08:44:19,904 - watchfiles.main - INFO - 5 changes detected
2025-05-05 08:44:22,989 - watchfiles.main - INFO - 2 changes detected
2025-05-05 08:44:22,989 - watchfiles.main - INFO - 2 changes detected
2025-05-05 08:44:22,989 - watchfiles.main - INFO - 2 changes detected
2025-05-05 08:44:22,989 - watchfiles.main - INFO - 2 changes detected
2025-05-05 08:44:22,993 - watchfiles.main - INFO - 2 changes detected
2025-05-05 08:44:29,027 - watchfiles.main - INFO - 7 changes detected
2025-05-05 08:44:29,028 - watchfiles.main - INFO - 7 changes detected
2025-05-05 08:44:29,028 - watchfiles.main - INFO - 7 changes detected
2025-05-05 08:44:29,028 - watchfiles.main - INFO - 7 changes detected
2025-05-05 08:44:29,028 - watchfiles.main - INFO - 7 changes detected
2025-05-05 08:44:30,038 - watchfiles.main - INFO - 4 changes detected
2025-05-05 08:44:30,039 - watchfiles.main - INFO - 4 changes detected
2025-05-05 08:44:30,039 - watchfiles.main - INFO - 4 changes detected
2025-05-05 08:44:30,039 - watchfiles.main - INFO - 4 changes detected
2025-05-05 08:44:30,039 - watchfiles.main - INFO - 4 changes detected
2025-05-05 08:44:33,034 - watchfiles.main - INFO - 4 changes detected
2025-05-05 08:44:33,034 - watchfiles.main - INFO - 4 changes detected
2025-05-05 08:44:33,034 - watchfiles.main - INFO - 4 changes detected
2025-05-05 08:44:33,035 - watchfiles.main - INFO - 4 changes detected
2025-05-05 08:44:38,749 - watchfiles.main - INFO - 1 change detected
2025-05-05 08:44:38,749 - watchfiles.main - INFO - 1 change detected
2025-05-05 08:44:39,112 - watchfiles.main - INFO - 1 change detected
2025-05-05 08:44:39,112 - watchfiles.main - INFO - 1 change detected
2025-05-05 08:45:17,101 - watchfiles.main - INFO - 1 change detected
2025-05-05 08:45:17,101 - watchfiles.main - INFO - 1 change detected
2025-05-05 08:45:17,456 - watchfiles.main - INFO - 1 change detected
2025-05-05 08:45:17,456 - watchfiles.main - INFO - 1 change detected
2025-05-05 08:45:17,456 - watchfiles.main - INFO - 1 change detected
2025-05-05 08:45:18,773 - watchfiles.main - INFO - 1 change detected
2025-05-05 08:45:18,773 - watchfiles.main - INFO - 1 change detected
2025-05-05 08:45:19,131 - watchfiles.main - INFO - 1 change detected
2025-05-05 08:46:30,457 - watchfiles.main - INFO - 1 change detected
2025-05-05 08:46:30,518 - watchfiles.main - INFO - 3 changes detected
2025-05-05 08:46:30,543 - watchfiles.main - INFO - 3 changes detected
2025-05-05 08:46:31,197 - watchfiles.main - INFO - 2 changes detected
2025-05-05 08:46:31,422 - watchfiles.main - INFO - 4 changes detected
2025-05-05 08:46:31,423 - watchfiles.main - INFO - 4 changes detected
2025-05-05 08:46:31,441 - watchfiles.main - INFO - 4 changes detected
2025-05-05 08:46:31,669 - watchfiles.main - INFO - 5 changes detected
2025-05-05 08:46:31,803 - watchfiles.main - INFO - 8 changes detected
2025-05-05 08:46:31,803 - watchfiles.main - INFO - 8 changes detected
2025-05-05 08:46:31,810 - watchfiles.main - INFO - 8 changes detected
2025-05-05 08:46:32,041 - watchfiles.main - INFO - 8 changes detected
2025-05-05 08:46:32,181 - watchfiles.main - INFO - 5 changes detected
2025-05-05 08:46:32,216 - watchfiles.main - INFO - 5 changes detected
2025-05-05 08:46:32,234 - watchfiles.main - INFO - 5 changes detected
2025-05-05 08:46:32,457 - watchfiles.main - INFO - 7 changes detected
2025-05-05 08:46:32,539 - watchfiles.main - INFO - 4 changes detected
2025-05-05 08:46:32,599 - watchfiles.main - INFO - 4 changes detected
2025-05-05 08:46:32,615 - watchfiles.main - INFO - 4 changes detected
2025-05-05 08:46:32,867 - watchfiles.main - INFO - 8 changes detected
2025-05-05 08:46:32,895 - watchfiles.main - INFO - 8 changes detected
2025-05-05 08:46:32,956 - watchfiles.main - INFO - 8 changes detected
2025-05-05 08:46:32,972 - watchfiles.main - INFO - 8 changes detected
2025-05-05 08:46:34,613 - watchfiles.main - INFO - 8 changes detected
2025-05-05 08:46:34,640 - watchfiles.main - INFO - 8 changes detected
2025-05-05 08:46:34,640 - watchfiles.main - INFO - 8 changes detected
2025-05-05 08:46:34,640 - watchfiles.main - INFO - 8 changes detected
2025-05-05 08:46:34,970 - watchfiles.main - INFO - 1 change detected
2025-05-05 08:46:41,325 - watchfiles.main - INFO - 3 changes detected
2025-05-05 08:46:41,325 - watchfiles.main - INFO - 3 changes detected
2025-05-05 08:46:41,345 - watchfiles.main - INFO - 3 changes detected
2025-05-05 08:47:27,038 - watchfiles.main - INFO - 3 changes detected
2025-05-05 08:47:27,115 - watchfiles.main - INFO - 4 changes detected
2025-05-05 08:47:27,116 - watchfiles.main - INFO - 4 changes detected
2025-05-05 08:47:27,395 - watchfiles.main - INFO - 2 changes detected
2025-05-05 08:47:54,192 - watchfiles.main - INFO - 3 changes detected
2025-05-05 08:47:54,203 - watchfiles.main - INFO - 3 changes detected
2025-05-05 08:47:54,208 - watchfiles.main - INFO - 3 changes detected
2025-05-05 08:48:01,296 - watchfiles.main - INFO - 3 changes detected
2025-05-05 08:48:01,296 - watchfiles.main - INFO - 3 changes detected
2025-05-05 08:48:01,296 - watchfiles.main - INFO - 3 changes detected
2025-05-05 08:48:01,312 - watchfiles.main - INFO - 3 changes detected
2025-05-05 08:48:28,768 - watchfiles.main - INFO - 1 change detected
2025-05-05 08:48:28,769 - watchfiles.main - INFO - 1 change detected
2025-05-05 08:48:28,777 - watchfiles.main - INFO - 1 change detected
2025-05-05 08:48:28,782 - watchfiles.main - INFO - 1 change detected
2025-05-05 08:48:29,967 - watchfiles.main - INFO - 1 change detected
2025-05-05 08:48:30,068 - watchfiles.main - INFO - 5 changes detected
2025-05-05 08:48:30,072 - watchfiles.main - INFO - 5 changes detected
2025-05-05 08:48:30,447 - watchfiles.main - INFO - 11 changes detected
2025-05-05 08:48:30,447 - watchfiles.main - INFO - 8 changes detected
2025-05-05 08:48:30,448 - watchfiles.main - INFO - 8 changes detected
2025-05-05 08:48:30,464 - watchfiles.main - INFO - 8 changes detected
2025-05-05 08:48:30,952 - watchfiles.main - INFO - 4 changes detected
2025-05-05 08:48:30,952 - watchfiles.main - INFO - 4 changes detected
2025-05-05 08:48:30,954 - watchfiles.main - INFO - 4 changes detected
2025-05-05 08:48:30,954 - watchfiles.main - INFO - 4 changes detected
2025-05-05 08:48:31,385 - watchfiles.main - INFO - 10 changes detected
2025-05-05 08:48:31,389 - watchfiles.main - INFO - 10 changes detected
2025-05-05 08:48:31,389 - watchfiles.main - INFO - 10 changes detected
2025-05-05 08:48:31,392 - watchfiles.main - INFO - 10 changes detected
2025-05-05 08:48:32,194 - watchfiles.main - INFO - 6 changes detected
2025-05-05 08:48:32,301 - watchfiles.main - INFO - 6 changes detected
2025-05-05 08:48:32,310 - watchfiles.main - INFO - 6 changes detected
2025-05-05 08:48:32,638 - watchfiles.main - INFO - 4 changes detected
2025-05-05 08:48:32,760 - watchfiles.main - INFO - 4 changes detected
2025-05-05 08:48:32,773 - watchfiles.main - INFO - 4 changes detected
2025-05-05 08:48:33,005 - watchfiles.main - INFO - 7 changes detected
2025-05-05 08:48:33,117 - watchfiles.main - INFO - 10 changes detected
2025-05-05 08:48:33,149 - watchfiles.main - INFO - 10 changes detected
2025-05-05 08:48:33,363 - watchfiles.main - INFO - 8 changes detected
2025-05-05 08:48:33,534 - watchfiles.main - INFO - 8 changes detected
2025-05-05 08:48:33,563 - watchfiles.main - INFO - 8 changes detected
2025-05-05 08:48:33,727 - watchfiles.main - INFO - 5 changes detected
2025-05-05 08:48:33,896 - watchfiles.main - INFO - 9 changes detected
2025-05-05 08:48:33,926 - watchfiles.main - INFO - 9 changes detected
2025-05-05 08:48:34,094 - watchfiles.main - INFO - 9 changes detected
2025-05-05 08:48:34,248 - watchfiles.main - INFO - 1 change detected
2025-05-05 08:48:34,278 - watchfiles.main - INFO - 1 change detected
2025-05-05 08:48:34,460 - watchfiles.main - INFO - 1 change detected
2025-05-05 08:48:34,601 - watchfiles.main - INFO - 1 change detected
2025-05-05 08:48:34,631 - watchfiles.main - INFO - 1 change detected
2025-05-05 08:48:34,815 - watchfiles.main - INFO - 5 changes detected
2025-05-05 08:48:34,955 - watchfiles.main - INFO - 5 changes detected
2025-05-05 08:48:34,986 - watchfiles.main - INFO - 5 changes detected
2025-05-05 08:48:35,172 - watchfiles.main - INFO - 1 change detected
2025-05-05 08:48:35,311 - watchfiles.main - INFO - 1 change detected
2025-05-05 08:48:35,342 - watchfiles.main - INFO - 1 change detected
2025-05-05 08:48:35,526 - watchfiles.main - INFO - 1 change detected
2025-05-05 08:48:35,665 - watchfiles.main - INFO - 1 change detected
2025-05-05 08:48:35,696 - watchfiles.main - INFO - 1 change detected
2025-05-05 08:48:35,879 - watchfiles.main - INFO - 1 change detected
2025-05-05 08:48:36,032 - watchfiles.main - INFO - 1 change detected
2025-05-05 08:48:36,048 - watchfiles.main - INFO - 1 change detected
2025-05-05 08:48:36,233 - watchfiles.main - INFO - 1 change detected
2025-05-05 08:48:37,747 - watchfiles.main - INFO - 3 changes detected
2025-05-05 08:48:37,752 - watchfiles.main - INFO - 3 changes detected
2025-05-05 08:48:37,766 - watchfiles.main - INFO - 3 changes detected
2025-05-05 08:48:38,101 - watchfiles.main - INFO - 1 change detected
2025-05-05 08:48:38,116 - watchfiles.main - INFO - 1 change detected
2025-05-05 08:49:11,235 - watchfiles.main - INFO - 8 changes detected
2025-05-05 08:49:11,236 - watchfiles.main - INFO - 38 changes detected
2025-05-05 08:49:11,239 - watchfiles.main - INFO - 8 changes detected
2025-05-05 08:49:11,249 - watchfiles.main - INFO - 8 changes detected
2025-05-05 08:49:11,757 - watchfiles.main - INFO - 1 change detected
2025-05-05 08:49:11,757 - watchfiles.main - INFO - 1 change detected
2025-05-05 08:49:11,783 - watchfiles.main - INFO - 1 change detected
2025-05-05 08:49:11,795 - watchfiles.main - INFO - 1 change detected
2025-05-05 08:49:12,117 - watchfiles.main - INFO - 1 change detected
2025-05-05 08:49:12,117 - watchfiles.main - INFO - 1 change detected
2025-05-05 08:49:12,147 - watchfiles.main - INFO - 1 change detected
2025-05-05 08:49:12,147 - watchfiles.main - INFO - 1 change detected
2025-05-05 08:49:14,933 - watchfiles.main - INFO - 3 changes detected
2025-05-05 08:49:14,933 - watchfiles.main - INFO - 3 changes detected
2025-05-05 08:49:14,955 - watchfiles.main - INFO - 3 changes detected
2025-05-05 08:49:15,294 - watchfiles.main - INFO - 1 change detected
2025-05-05 08:49:15,309 - watchfiles.main - INFO - 1 change detected
2025-05-05 08:49:26,957 - watchfiles.main - INFO - 1 change detected
2025-05-05 08:49:26,957 - watchfiles.main - INFO - 1 change detected
2025-05-05 08:49:26,957 - watchfiles.main - INFO - 1 change detected
2025-05-05 08:49:27,741 - watchfiles.main - INFO - 2 changes detected
2025-05-05 08:49:27,774 - watchfiles.main - INFO - 2 changes detected
2025-05-05 08:49:27,848 - watchfiles.main - INFO - 2 changes detected
2025-05-05 08:49:27,918 - watchfiles.main - INFO - 2 changes detected
2025-05-05 08:49:28,494 - watchfiles.main - INFO - 4 changes detected
2025-05-05 08:49:28,495 - watchfiles.main - INFO - 4 changes detected
2025-05-05 08:49:28,512 - watchfiles.main - INFO - 4 changes detected
2025-05-05 08:49:28,529 - watchfiles.main - INFO - 4 changes detected
2025-05-05 08:49:28,962 - watchfiles.main - INFO - 8 changes detected
2025-05-05 08:49:28,969 - watchfiles.main - INFO - 8 changes detected
2025-05-05 08:49:29,069 - watchfiles.main - INFO - 11 changes detected
2025-05-05 08:49:29,069 - watchfiles.main - INFO - 11 changes detected
2025-05-05 08:49:29,357 - watchfiles.main - INFO - 5 changes detected
2025-05-05 08:49:29,358 - watchfiles.main - INFO - 5 changes detected
2025-05-05 08:49:29,485 - watchfiles.main - INFO - 1 change detected
2025-05-05 08:49:29,485 - watchfiles.main - INFO - 1 change detected
2025-05-05 08:49:29,735 - watchfiles.main - INFO - 1 change detected
2025-05-05 08:49:29,749 - watchfiles.main - INFO - 1 change detected
2025-05-05 08:49:29,865 - watchfiles.main - INFO - 1 change detected
2025-05-05 08:49:29,865 - watchfiles.main - INFO - 1 change detected
2025-05-05 08:49:30,168 - watchfiles.main - INFO - 8 changes detected
2025-05-05 08:49:30,168 - watchfiles.main - INFO - 8 changes detected
2025-05-05 08:49:30,227 - watchfiles.main - INFO - 8 changes detected
2025-05-05 08:49:30,228 - watchfiles.main - INFO - 8 changes detected
2025-05-05 08:49:32,960 - watchfiles.main - INFO - 7 changes detected
2025-05-05 08:49:32,961 - watchfiles.main - INFO - 7 changes detected
2025-05-05 08:49:32,974 - watchfiles.main - INFO - 7 changes detected
2025-05-05 08:49:32,974 - watchfiles.main - INFO - 7 changes detected
2025-05-05 08:50:17,105 - watchfiles.main - INFO - 1 change detected
2025-05-05 08:50:17,105 - watchfiles.main - INFO - 1 change detected
2025-05-05 08:50:17,121 - watchfiles.main - INFO - 1 change detected
2025-05-05 08:50:17,465 - watchfiles.main - INFO - 1 change detected
2025-05-05 08:50:17,465 - watchfiles.main - INFO - 1 change detected
2025-05-05 08:50:17,465 - watchfiles.main - INFO - 1 change detected
2025-05-05 08:50:17,480 - watchfiles.main - INFO - 1 change detected
2025-05-05 08:50:20,409 - watchfiles.main - INFO - 1 change detected
2025-05-05 08:50:20,442 - watchfiles.main - INFO - 1 change detected
2025-05-05 08:50:20,442 - watchfiles.main - INFO - 1 change detected
2025-05-05 08:50:20,763 - watchfiles.main - INFO - 1 change detected
2025-05-05 08:50:20,795 - watchfiles.main - INFO - 1 change detected
2025-05-05 08:51:30,243 - watchfiles.main - INFO - 10 changes detected
2025-05-05 08:51:30,247 - watchfiles.main - INFO - 10 changes detected
2025-05-05 08:51:30,247 - watchfiles.main - INFO - 10 changes detected
2025-05-05 08:51:30,247 - watchfiles.main - INFO - 10 changes detected
2025-05-05 08:51:32,264 - watchfiles.main - INFO - 1 change detected
2025-05-05 08:51:32,264 - watchfiles.main - INFO - 1 change detected
2025-05-05 08:51:32,264 - watchfiles.main - INFO - 1 change detected
2025-05-05 08:51:32,693 - watchfiles.main - INFO - 13 changes detected
2025-05-05 08:51:32,744 - watchfiles.main - INFO - 13 changes detected
2025-05-05 08:51:32,744 - watchfiles.main - INFO - 13 changes detected
2025-05-05 08:51:34,268 - watchfiles.main - INFO - 5 changes detected
2025-05-05 08:51:34,272 - watchfiles.main - INFO - 5 changes detected
2025-05-05 08:51:34,272 - watchfiles.main - INFO - 5 changes detected
2025-05-05 08:51:36,092 - watchfiles.main - INFO - 6 changes detected
2025-05-05 08:51:36,110 - watchfiles.main - INFO - 6 changes detected
2025-05-05 08:51:36,110 - watchfiles.main - INFO - 6 changes detected
2025-05-05 08:51:36,448 - watchfiles.main - INFO - 1 change detected
2025-05-05 08:51:36,465 - watchfiles.main - INFO - 1 change detected
2025-05-05 08:51:46,034 - watchfiles.main - INFO - 18 changes detected
2025-05-05 08:51:46,034 - watchfiles.main - INFO - 18 changes detected
2025-05-05 08:51:46,035 - watchfiles.main - INFO - 18 changes detected
2025-05-05 08:51:47,963 - watchfiles.main - INFO - 60 changes detected
2025-05-05 08:51:47,964 - watchfiles.main - INFO - 60 changes detected
2025-05-05 08:51:47,971 - watchfiles.main - INFO - 60 changes detected
2025-05-05 08:51:48,790 - watchfiles.main - INFO - 8 changes detected
2025-05-05 08:51:48,789 - watchfiles.main - INFO - 8 changes detected
2025-05-05 08:51:48,862 - watchfiles.main - INFO - 9 changes detected
2025-05-05 08:51:49,338 - watchfiles.main - INFO - 1 change detected
2025-05-05 08:51:49,355 - watchfiles.main - INFO - 1 change detected
2025-05-05 08:51:49,963 - watchfiles.main - INFO - 1 change detected
2025-05-05 08:51:49,962 - watchfiles.main - INFO - 1 change detected
2025-05-05 08:51:49,968 - watchfiles.main - INFO - 1 change detected
2025-05-05 08:51:50,346 - watchfiles.main - INFO - 5 changes detected
2025-05-05 08:51:50,346 - watchfiles.main - INFO - 5 changes detected
2025-05-05 08:51:50,346 - watchfiles.main - INFO - 5 changes detected
2025-05-05 08:51:50,724 - watchfiles.main - INFO - 10 changes detected
2025-05-05 08:51:50,724 - watchfiles.main - INFO - 10 changes detected
2025-05-05 08:51:50,730 - watchfiles.main - INFO - 10 changes detected
2025-05-05 08:51:51,152 - watchfiles.main - INFO - 5 changes detected
2025-05-05 08:51:51,181 - watchfiles.main - INFO - 5 changes detected
2025-05-05 08:51:51,184 - watchfiles.main - INFO - 5 changes detected
2025-05-05 08:51:51,663 - watchfiles.main - INFO - 6 changes detected
2025-05-05 08:51:51,716 - watchfiles.main - INFO - 6 changes detected
2025-05-05 08:51:51,751 - watchfiles.main - INFO - 6 changes detected
2025-05-05 08:51:52,730 - watchfiles.main - INFO - 5 changes detected
2025-05-05 08:51:53,422 - watchfiles.main - INFO - 5 changes detected
2025-05-05 08:51:53,763 - watchfiles.main - INFO - 1 change detected
2025-05-05 08:51:53,918 - watchfiles.main - INFO - 8 changes detected
2025-05-05 08:51:54,143 - watchfiles.main - INFO - 10 changes detected
2025-05-05 08:51:54,336 - watchfiles.main - INFO - 8 changes detected
2025-05-05 08:51:54,514 - watchfiles.main - INFO - 5 changes detected
2025-05-05 08:51:55,018 - watchfiles.main - INFO - 5 changes detected
2025-05-05 08:51:55,034 - watchfiles.main - INFO - 5 changes detected
2025-05-05 08:51:56,469 - watchfiles.main - INFO - 6 changes detected
2025-05-05 08:51:56,502 - watchfiles.main - INFO - 6 changes detected
2025-05-05 08:51:58,395 - watchfiles.main - INFO - 1 change detected
2025-05-05 08:51:58,405 - watchfiles.main - INFO - 1 change detected
2025-05-05 08:51:59,073 - watchfiles.main - INFO - 10 changes detected
2025-05-05 08:51:59,107 - watchfiles.main - INFO - 10 changes detected
2025-05-05 08:51:59,821 - watchfiles.main - INFO - 17 changes detected
2025-05-05 08:51:59,983 - watchfiles.main - INFO - 17 changes detected
2025-05-05 08:52:00,909 - watchfiles.main - INFO - 30 changes detected
2025-05-05 08:52:00,910 - watchfiles.main - INFO - 30 changes detected
2025-05-05 08:52:02,323 - watchfiles.main - INFO - 74 changes detected
2025-05-05 08:52:02,500 - watchfiles.main - INFO - 76 changes detected
2025-05-05 08:52:03,256 - watchfiles.main - INFO - 21 changes detected
2025-05-05 08:52:03,277 - watchfiles.main - INFO - 23 changes detected
2025-05-05 08:52:05,372 - watchfiles.main - INFO - 60 changes detected
2025-05-05 08:52:05,374 - watchfiles.main - INFO - 60 changes detected
2025-05-05 08:52:06,879 - watchfiles.main - INFO - 11 changes detected
2025-05-05 08:52:07,147 - watchfiles.main - INFO - 17 changes detected
2025-05-05 08:52:07,239 - watchfiles.main - INFO - 7 changes detected
2025-05-05 08:52:07,516 - watchfiles.main - INFO - 8 changes detected
2025-05-05 08:52:07,609 - watchfiles.main - INFO - 8 changes detected
2025-05-05 08:52:08,081 - watchfiles.main - INFO - 5 changes detected
2025-05-05 08:52:08,086 - watchfiles.main - INFO - 5 changes detected
2025-05-05 08:52:09,346 - watchfiles.main - INFO - 6 changes detected
2025-05-05 08:52:09,361 - watchfiles.main - INFO - 6 changes detected
2025-05-05 08:52:11,080 - watchfiles.main - INFO - 1 change detected
2025-05-05 08:52:11,089 - watchfiles.main - INFO - 1 change detected
2025-05-05 08:52:11,596 - watchfiles.main - INFO - 1 change detected
2025-05-05 08:52:14,905 - watchfiles.main - INFO - 34 changes detected
2025-05-05 08:52:14,908 - watchfiles.main - INFO - 34 changes detected
2025-05-05 08:53:06,624 - watchfiles.main - INFO - 32 changes detected
2025-05-05 08:53:07,071 - watchfiles.main - INFO - 1 change detected
2025-05-05 08:53:07,429 - watchfiles.main - INFO - 1 change detected
2025-05-05 08:53:08,842 - watchfiles.main - INFO - 1 change detected
2025-05-05 08:53:09,204 - watchfiles.main - INFO - 1 change detected
2025-05-05 08:54:28,286 - watchfiles.main - INFO - 5 changes detected
2025-05-05 08:54:28,650 - watchfiles.main - INFO - 4 changes detected
2025-05-05 08:54:30,277 - watchfiles.main - INFO - 1 change detected
2025-05-05 08:54:30,628 - watchfiles.main - INFO - 1 change detected
